#
# There is insufficient memory for the Java Runtime Environment to continue.
# Native memory allocation (malloc) failed to allocate 242192 bytes for Chunk::new
# Possible reasons:
#   The system is out of physical RAM or swap space
#   The process is running with CompressedOops enabled, and the Java Heap may be blocking the growth of the native heap
# Possible solutions:
#   Reduce memory load on the system
#   Increase physical memory or swap space
#   Check if swap backing store is full
#   Decrease Java heap size (-Xmx/-Xms)
#   Decrease number of Java threads
#   Decrease Java thread stack sizes (-Xss)
#   Set larger code cache with -XX:ReservedCodeCacheSize=
#   JVM is running with Unscaled Compressed Oops mode in which the Java heap is
#     placed in the first 4GB address space. The Java Heap base address is the
#     maximum limit for the native heap growth. Please use -XX:HeapBaseMinAddress
#     to set the Java Heap base and to place the Java Heap above 4GB virtual address.
# This output file may be truncated or incomplete.
#
#  Out of Memory Error (arena.cpp:184), pid=21252, tid=24892
#
# JRE version: Java(TM) SE Runtime Environment (20.0.1+9) (build 20.0.1+9-29)
# Java VM: Java HotSpot(TM) 64-Bit Server VM (20.0.1+9-29, mixed mode, sharing, tiered, compressed oops, compressed class ptrs, parallel gc, windows-amd64)
# No core dump will be written. Minidumps are not enabled by default on client versions of Windows
#

---------------  S U M M A R Y ------------

Command Line: --add-modules=ALL-SYSTEM --add-opens=java.base/java.util=ALL-UNNAMED --add-opens=java.base/java.lang=ALL-UNNAMED --add-opens=java.base/sun.nio.fs=ALL-UNNAMED -Declipse.application=org.eclipse.jdt.ls.core.id1 -Dosgi.bundles.defaultStartLevel=4 -Declipse.product=org.eclipse.jdt.ls.core.product -Djava.import.generatesMetadataFilesAtProjectRoot=false -Dfile.encoding=utf8 -XX:+UseParallelGC -XX:GCTimeRatio=4 -XX:AdaptiveSizePolicyWeight=90 -Dsun.zip.disableMemoryMapping=true -Xmx1G -Xms100m -Xlog:disable -javaagent:c:\Users\ASUS\.vscode\extensions\redhat.java-1.17.0\lombok\lombok-1.18.24.jar -XX:+HeapDumpOnOutOfMemoryError -XX:HeapDumpPath=c:\Users\ASUS\AppData\Roaming\Code\User\workspaceStorage\46850cd7a74eb46246fb97daccfef2b2\redhat.java -Daether.dependencyCollector.impl=bf c:\Users\ASUS\.vscode\extensions\redhat.java-1.17.0\server\plugins\org.eclipse.equinox.launcher_1.6.400.v20210924-0641.jar -configuration c:\Users\ASUS\AppData\Roaming\Code\User\globalStorage\redhat.java\1.17.0\config_win -data c:\Users\ASUS\AppData\Roaming\Code\User\workspaceStorage\46850cd7a74eb46246fb97daccfef2b2\redhat.java\jdt_ws

Host: AMD Ryzen 5 4600H with Radeon Graphics         , 12 cores, 15G,  Windows 11 , 64 bit Build 22621 (10.0.22621.1485)
Time: Tue Apr 25 05:17:37 2023 SE Asia Standard Time elapsed time: 3.770421 seconds (0d 0h 0m 3s)

---------------  T H R E A D  ---------------

Current thread (0x0000022159a107c0):  JavaThread "C2 CompilerThread1" daemon [_thread_in_native, id=24892, stack(0x0000003420d00000,0x0000003420e00000)]


Current CompileTask:
C2:   3770 2366       4       java.util.Properties$LineReader::readLine (584 bytes)

Stack: [0x0000003420d00000,0x0000003420e00000]
Native frames: (J=compiled Java code, j=interpreted, Vv=VM code, C=native code)
V  [jvm.dll+0x6bb95a]
V  [jvm.dll+0x8485fa]
V  [jvm.dll+0x84a1f5]
V  [jvm.dll+0x84a8f3]
V  [jvm.dll+0x280b0f]
V  [jvm.dll+0xc2b11]
V  [jvm.dll+0xc2e35]
V  [jvm.dll+0x3bb17c]
V  [jvm.dll+0x3857f5]
V  [jvm.dll+0x384c6a]
V  [jvm.dll+0x24b259]
V  [jvm.dll+0x24a651]
V  [jvm.dll+0x1ce491]
V  [jvm.dll+0x259e1b]
V  [jvm.dll+0x2584f0]
V  [jvm.dll+0x3f2895]
V  [jvm.dll+0x7f4b56]
V  [jvm.dll+0x6ba5cb]
C  [ucrtbase.dll+0x29363]
C  [KERNEL32.DLL+0x1269d]
C  [ntdll.dll+0x5a9f8]


---------------  P R O C E S S  ---------------

Threads class SMR info:
_java_thread_list=0x0000022159dad250, length=18, elements={
0x00000221399a0250, 0x0000022139a48390, 0x0000022152c4db10, 0x0000022152c4e9e0,
0x0000022139a4f4e0, 0x0000022139a51e30, 0x0000022139a52770, 0x0000022139a53d20,
0x0000022139a55250, 0x0000022139a0f170, 0x0000022154315110, 0x00000221599e4440,
0x00000221598ce430, 0x00000221598ce980, 0x0000022159a41cd0, 0x0000022159b767a0,
0x0000022159a107c0, 0x0000022159b757b0
}

Java Threads: ( => current thread )
  0x00000221399a0250 JavaThread "main" [_thread_blocked, id=18908, stack(0x000000341f300000,0x000000341f400000)]
  0x0000022139a48390 JavaThread "Reference Handler" daemon [_thread_blocked, id=1908, stack(0x000000341f600000,0x000000341f700000)]
  0x0000022152c4db10 JavaThread "Finalizer" daemon [_thread_blocked, id=24840, stack(0x000000341f700000,0x000000341f800000)]
  0x0000022152c4e9e0 JavaThread "Signal Dispatcher" daemon [_thread_blocked, id=8216, stack(0x000000341f800000,0x000000341f900000)]
  0x0000022139a4f4e0 JavaThread "Attach Listener" daemon [_thread_blocked, id=26124, stack(0x000000341f900000,0x000000341fa00000)]
  0x0000022139a51e30 JavaThread "Service Thread" daemon [_thread_blocked, id=21688, stack(0x000000341fa00000,0x000000341fb00000)]
  0x0000022139a52770 JavaThread "Monitor Deflation Thread" daemon [_thread_blocked, id=12120, stack(0x000000341fb00000,0x000000341fc00000)]
  0x0000022139a53d20 JavaThread "C2 CompilerThread0" daemon [_thread_in_native, id=24592, stack(0x000000341fc00000,0x000000341fd00000)]
  0x0000022139a55250 JavaThread "C1 CompilerThread0" daemon [_thread_in_native, id=14668, stack(0x000000341fd00000,0x000000341fe00000)]
  0x0000022139a0f170 JavaThread "Common-Cleaner" daemon [_thread_blocked, id=26524, stack(0x000000341fe00000,0x000000341ff00000)]
  0x0000022154315110 JavaThread "Notification Thread" daemon [_thread_blocked, id=20624, stack(0x000000341ff00000,0x0000003420000000)]
  0x00000221599e4440 JavaThread "Active Thread: Equinox Container: a3f5559e-2155-45fa-b4dc-bbf6b76b09d7" [_thread_blocked, id=11512, stack(0x0000003420200000,0x0000003420300000)]
  0x00000221598ce430 JavaThread "Framework Event Dispatcher: Equinox Container: a3f5559e-2155-45fa-b4dc-bbf6b76b09d7" daemon [_thread_blocked, id=12088, stack(0x0000003420100000,0x0000003420200000)]
  0x00000221598ce980 JavaThread "Start Level: Equinox Container: a3f5559e-2155-45fa-b4dc-bbf6b76b09d7" daemon [_thread_in_native, id=25452, stack(0x0000003420900000,0x0000003420a00000)]
  0x0000022159a41cd0 JavaThread "SCR Component Actor" daemon [_thread_blocked, id=12580, stack(0x0000003420a00000,0x0000003420b00000)]
  0x0000022159b767a0 JavaThread "SCR Component Registry" daemon [_thread_blocked, id=19176, stack(0x0000003420c00000,0x0000003420d00000)]
=>0x0000022159a107c0 JavaThread "C2 CompilerThread1" daemon [_thread_in_native, id=24892, stack(0x0000003420d00000,0x0000003420e00000)]
  0x0000022159b757b0 JavaThread "Worker-JM" [_thread_blocked, id=26332, stack(0x0000003420e00000,0x0000003420f00000)]

Other Threads:
  0x0000022152c323d0 VMThread "VM Thread" [stack: 0x000000341f500000,0x000000341f600000] [id=23472]
  0x000002215431c2d0 WatcherThread "VM Periodic Task Thread" [stack: 0x0000003420000000,0x0000003420100000] [id=25464]
  0x00000221399c38c0 WorkerThread "GC Thread#0" [stack: 0x000000341f400000,0x000000341f500000] [id=17336]
  0x00000221599a7020 WorkerThread "GC Thread#1" [stack: 0x0000003420300000,0x0000003420400000] [id=22936]
  0x00000221597f3ce0 WorkerThread "GC Thread#2" [stack: 0x0000003420400000,0x0000003420500000] [id=20672]
  0x00000221599a72f0 WorkerThread "GC Thread#3" [stack: 0x0000003420500000,0x0000003420600000] [id=25200]
  0x00000221599a75c0 WorkerThread "GC Thread#4" [stack: 0x0000003420600000,0x0000003420700000] [id=25252]
  0x00000221599a7890 WorkerThread "GC Thread#5" [stack: 0x0000003420700000,0x0000003420800000] [id=19208]
  0x00000221599a7b60 WorkerThread "GC Thread#6" [stack: 0x0000003420800000,0x0000003420900000] [id=13784]
  0x00000221599234f0 WorkerThread "GC Thread#7" [stack: 0x0000003420b00000,0x0000003420c00000] [id=13520]
  0x0000022159d2cd20 WorkerThread "GC Thread#8" [stack: 0x0000003420f00000,0x0000003421000000] [id=19924]
  0x0000022159e42010 WorkerThread "GC Thread#9" [stack: 0x0000003421000000,0x0000003421100000] [id=9300]

Threads with active compile tasks:
C2 CompilerThread0     3808 2382       4       lombok.patcher.PatchScript::classMatches (41 bytes)
C2 CompilerThread1     3808 2366       4       java.util.Properties$LineReader::readLine (584 bytes)

VM state: not at safepoint (normal execution)

VM Mutex/Monitor currently owned by a thread: None

Heap address: 0x00000000c0000000, size: 1024 MB, Compressed Oops mode: 32-bit

CDS archive(s) mapped at: [0x0000000800000000-0x0000000800c60000-0x0000000800c60000), size 12976128, SharedBaseAddress: 0x0000000800000000, ArchiveRelocationMode: 0.
Compressed class space mapped at: 0x0000000801000000-0x0000000841000000, reserved size: 1073741824
Narrow klass base: 0x0000000800000000, Narrow klass shift: 0, Narrow klass range: 0x100000000

GC Precious Log:
 CardTable entry size: 512
 CPUs: 12 total, 12 available
 Memory: 15791M
 Large Page Support: Disabled
 NUMA Support: Disabled
 Compressed Oops: Enabled (32-bit)
 Alignments: Space 512K, Generation 512K, Heap 2M
 Heap Min Capacity: 100M
 Heap Initial Capacity: 100M
 Heap Max Capacity: 1G
 Pre-touch: Disabled
 Parallel Workers: 10

Heap:
 PSYoungGen      total 29696K, used 8166K [0x00000000eab00000, 0x00000000ecc00000, 0x0000000100000000)
  eden space 25600K, 15% used [0x00000000eab00000,0x00000000eaefcb98,0x00000000ec400000)
  from space 4096K, 99% used [0x00000000ec400000,0x00000000ec7fd058,0x00000000ec800000)
  to   space 4096K, 0% used [0x00000000ec800000,0x00000000ec800000,0x00000000ecc00000)
 ParOldGen       total 68608K, used 4006K [0x00000000c0000000, 0x00000000c4300000, 0x00000000eab00000)
  object space 68608K, 5% used [0x00000000c0000000,0x00000000c03e99b8,0x00000000c4300000)
 Metaspace       used 13814K, committed 14272K, reserved 1114112K
  class space    used 1340K, committed 1536K, reserved 1048576K

Card table byte_map: [0x0000022139340000,0x0000022139550000] _byte_map_base: 0x0000022138d40000

Marking Bits: (ParMarkBitMap*) 0x00007ff84c3bcef0
 Begin Bits: [0x0000022150a50000, 0x0000022151a50000)
 End Bits:   [0x0000022151a50000, 0x0000022152a50000)

Polling page: 0x0000022137980000

Metaspace:

Usage:
  Non-class:     12.18 MB used.
      Class:      1.31 MB used.
       Both:     13.49 MB used.

Virtual space:
  Non-class space:       64.00 MB reserved,      12.44 MB ( 19%) committed,  1 nodes.
      Class space:        1.00 GB reserved,       1.50 MB ( <1%) committed,  1 nodes.
             Both:        1.06 GB reserved,      13.94 MB (  1%) committed. 

Chunk freelists:
   Non-Class:  3.45 MB
       Class:  2.45 MB
        Both:  5.91 MB

MaxMetaspaceSize: unlimited
CompressedClassSpaceSize: 1.00 GB
Initial GC threshold: 21.00 MB
Current GC threshold: 21.00 MB
CDS: on
MetaspaceReclaimPolicy: balanced
 - commit_granule_bytes: 65536.
 - commit_granule_words: 8192.
 - virtual_space_node_default_size: 8388608.
 - enlarge_chunks_in_place: 1.
 - new_chunks_are_fully_committed: 0.
 - uncommit_free_chunks: 1.
 - use_allocation_guard: 0.


Internal statistics:

num_allocs_failed_limit: 0.
num_arena_births: 324.
num_arena_deaths: 0.
num_vsnodes_births: 2.
num_vsnodes_deaths: 0.
num_space_committed: 223.
num_space_uncommitted: 0.
num_chunks_returned_to_freelist: 0.
num_chunks_taken_from_freelist: 765.
num_chunk_merges: 0.
num_chunk_splits: 513.
num_chunks_enlarged: 332.
num_inconsistent_stats: 0.

CodeHeap 'non-profiled nmethods': size=120000Kb used=907Kb max_used=907Kb free=119093Kb
 bounds [0x0000022149520000, 0x0000022149790000, 0x0000022150a50000]
CodeHeap 'profiled nmethods': size=120000Kb used=4830Kb max_used=4830Kb free=115169Kb
 bounds [0x0000022141a50000, 0x0000022141f10000, 0x0000022148f80000]
CodeHeap 'non-nmethods': size=5760Kb used=1302Kb max_used=1331Kb free=4457Kb
 bounds [0x0000022148f80000, 0x00000221491f0000, 0x0000022149520000]
 total_blobs=2910 nmethods=2398 adapters=424
 compilation: enabled
              stopped_count=0, restarted_count=0
 full_count=0

Compilation events (20 events):
Event: 3.739 Thread 0x0000022139a55250 nmethod 2368 0x0000022141ef1790 code [0x0000022141ef1a60, 0x0000022141ef2df0]
Event: 3.740 Thread 0x0000022139a55250 2371       3       java.lang.invoke.DirectMethodHandle::preparedFieldLambdaForm (180 bytes)
Event: 3.740 Thread 0x0000022139a55250 nmethod 2371 0x0000022141ef3410 code [0x0000022141ef3640, 0x0000022141ef3d60]
Event: 3.740 Thread 0x0000022139a55250 2372       3       java.lang.invoke.LambdaFormEditor$TransformKey::packedBytes (30 bytes)
Event: 3.741 Thread 0x0000022139a55250 nmethod 2372 0x0000022141ef4090 code [0x0000022141ef4220, 0x0000022141ef4328]
Event: 3.741 Thread 0x0000022139a55250 2369       3       jdk.internal.misc.VM::isJavaLangInvokeInited (4 bytes)
Event: 3.741 Thread 0x0000022139a55250 nmethod 2369 0x0000022141ef4390 code [0x0000022141ef4520, 0x0000022141ef4610]
Event: 3.741 Thread 0x0000022139a55250 2370       3       jdk.internal.reflect.ReflectionFactory::config (28 bytes)
Event: 3.741 Thread 0x0000022139a55250 nmethod 2370 0x0000022141ef4690 code [0x0000022141ef4820, 0x0000022141ef4928]
Event: 3.741 Thread 0x0000022139a55250 2373       3       java.lang.invoke.MethodType::dropParameterTypes (162 bytes)
Event: 3.742 Thread 0x0000022139a55250 nmethod 2373 0x0000022141ef4990 code [0x0000022141ef4c60, 0x0000022141ef5b28]
Event: 3.747 Thread 0x0000022139a55250 2374       3       java.util.ArrayDeque::addFirst (51 bytes)
Event: 3.747 Thread 0x0000022139a55250 nmethod 2374 0x0000022141ef6010 code [0x0000022141ef61e0, 0x0000022141ef6660]
Event: 3.747 Thread 0x0000022139a55250 2375       3       java.util.ArrayDeque::dec (13 bytes)
Event: 3.747 Thread 0x0000022139a55250 nmethod 2375 0x0000022141ef6810 code [0x0000022141ef69a0, 0x0000022141ef6ad0]
Event: 3.755 Thread 0x0000022139a55250 2376       3       org.eclipse.osgi.internal.hooks.EclipseLazyStarter::shouldActivateFor (123 bytes)
Event: 3.756 Thread 0x0000022139a55250 nmethod 2376 0x0000022141ef6b90 code [0x0000022141ef6e00, 0x0000022141ef7978]
Event: 3.758 Thread 0x0000022139a55250 2377   !   3       org.eclipse.osgi.container.Module::start (655 bytes)
Event: 3.764 Thread 0x0000022139a53d20 2379       4       org.eclipse.osgi.internal.hookregistry.ClassLoaderHook::preFindLocalClass (1 bytes)
Event: 3.765 Thread 0x0000022139a53d20 nmethod 2379 0x0000022149601010 code [0x0000022149601180, 0x0000022149601208]

GC Heap History (6 events):
Event: 1.546 GC heap before
{Heap before GC invocations=1 (full 0):
 PSYoungGen      total 29696K, used 25600K [0x00000000eab00000, 0x00000000ecc00000, 0x0000000100000000)
  eden space 25600K, 100% used [0x00000000eab00000,0x00000000ec400000,0x00000000ec400000)
  from space 4096K, 0% used [0x00000000ec800000,0x00000000ec800000,0x00000000ecc00000)
  to   space 4096K, 0% used [0x00000000ec400000,0x00000000ec400000,0x00000000ec800000)
 ParOldGen       total 68608K, used 0K [0x00000000c0000000, 0x00000000c4300000, 0x00000000eab00000)
  object space 68608K, 0% used [0x00000000c0000000,0x00000000c0000000,0x00000000c4300000)
 Metaspace       used 4773K, committed 4992K, reserved 1114112K
  class space    used 457K, committed 576K, reserved 1048576K
}
Event: 1.557 GC heap after
{Heap after GC invocations=1 (full 0):
 PSYoungGen      total 29696K, used 3170K [0x00000000eab00000, 0x00000000ecc00000, 0x0000000100000000)
  eden space 25600K, 0% used [0x00000000eab00000,0x00000000eab00000,0x00000000ec400000)
  from space 4096K, 77% used [0x00000000ec400000,0x00000000ec718810,0x00000000ec800000)
  to   space 4096K, 0% used [0x00000000ec800000,0x00000000ec800000,0x00000000ecc00000)
 ParOldGen       total 68608K, used 16K [0x00000000c0000000, 0x00000000c4300000, 0x00000000eab00000)
  object space 68608K, 0% used [0x00000000c0000000,0x00000000c0004000,0x00000000c4300000)
 Metaspace       used 4773K, committed 4992K, reserved 1114112K
  class space    used 457K, committed 576K, reserved 1048576K
}
Event: 2.839 GC heap before
{Heap before GC invocations=2 (full 0):
 PSYoungGen      total 29696K, used 28770K [0x00000000eab00000, 0x00000000ecc00000, 0x0000000100000000)
  eden space 25600K, 100% used [0x00000000eab00000,0x00000000ec400000,0x00000000ec400000)
  from space 4096K, 77% used [0x00000000ec400000,0x00000000ec718810,0x00000000ec800000)
  to   space 4096K, 0% used [0x00000000ec800000,0x00000000ec800000,0x00000000ecc00000)
 ParOldGen       total 68608K, used 16K [0x00000000c0000000, 0x00000000c4300000, 0x00000000eab00000)
  object space 68608K, 0% used [0x00000000c0000000,0x00000000c0004000,0x00000000c4300000)
 Metaspace       used 8689K, committed 9024K, reserved 1114112K
  class space    used 852K, committed 1024K, reserved 1048576K
}
Event: 2.849 GC heap after
{Heap after GC invocations=2 (full 0):
 PSYoungGen      total 29696K, used 4077K [0x00000000eab00000, 0x00000000ecc00000, 0x0000000100000000)
  eden space 25600K, 0% used [0x00000000eab00000,0x00000000eab00000,0x00000000ec400000)
  from space 4096K, 99% used [0x00000000ec800000,0x00000000ecbfb708,0x00000000ecc00000)
  to   space 4096K, 0% used [0x00000000ec400000,0x00000000ec400000,0x00000000ec800000)
 ParOldGen       total 68608K, used 1495K [0x00000000c0000000, 0x00000000c4300000, 0x00000000eab00000)
  object space 68608K, 2% used [0x00000000c0000000,0x00000000c0175eb8,0x00000000c4300000)
 Metaspace       used 8689K, committed 9024K, reserved 1114112K
  class space    used 852K, committed 1024K, reserved 1048576K
}
Event: 3.685 GC heap before
{Heap before GC invocations=3 (full 0):
 PSYoungGen      total 29696K, used 29677K [0x00000000eab00000, 0x00000000ecc00000, 0x0000000100000000)
  eden space 25600K, 100% used [0x00000000eab00000,0x00000000ec400000,0x00000000ec400000)
  from space 4096K, 99% used [0x00000000ec800000,0x00000000ecbfb708,0x00000000ecc00000)
  to   space 4096K, 0% used [0x00000000ec400000,0x00000000ec400000,0x00000000ec800000)
 ParOldGen       total 68608K, used 1495K [0x00000000c0000000, 0x00000000c4300000, 0x00000000eab00000)
  object space 68608K, 2% used [0x00000000c0000000,0x00000000c0175eb8,0x00000000c4300000)
 Metaspace       used 13104K, committed 13632K, reserved 1114112K
  class space    used 1275K, committed 1472K, reserved 1048576K
}
Event: 3.692 GC heap after
{Heap after GC invocations=3 (full 0):
 PSYoungGen      total 29696K, used 4084K [0x00000000eab00000, 0x00000000ecc00000, 0x0000000100000000)
  eden space 25600K, 0% used [0x00000000eab00000,0x00000000eab00000,0x00000000ec400000)
  from space 4096K, 99% used [0x00000000ec400000,0x00000000ec7fd058,0x00000000ec800000)
  to   space 4096K, 0% used [0x00000000ec800000,0x00000000ec800000,0x00000000ecc00000)
 ParOldGen       total 68608K, used 4006K [0x00000000c0000000, 0x00000000c4300000, 0x00000000eab00000)
  object space 68608K, 5% used [0x00000000c0000000,0x00000000c03e99b8,0x00000000c4300000)
 Metaspace       used 13104K, committed 13632K, reserved 1114112K
  class space    used 1275K, committed 1472K, reserved 1048576K
}

Dll operation events (10 events):
Event: 0.025 Loaded shared library C:\Program Files\Java\jdk-20\bin\java.dll
Event: 0.051 Loaded shared library C:\Program Files\Java\jdk-20\bin\jsvml.dll
Event: 0.211 Loaded shared library C:\Program Files\Java\jdk-20\bin\zip.dll
Event: 0.223 Loaded shared library C:\Program Files\Java\jdk-20\bin\instrument.dll
Event: 0.235 Loaded shared library C:\Program Files\Java\jdk-20\bin\net.dll
Event: 0.239 Loaded shared library C:\Program Files\Java\jdk-20\bin\nio.dll
Event: 0.251 Loaded shared library C:\Program Files\Java\jdk-20\bin\zip.dll
Event: 0.290 Loaded shared library C:\Program Files\Java\jdk-20\bin\jimage.dll
Event: 0.423 Loaded shared library C:\Program Files\Java\jdk-20\bin\verify.dll
Event: 2.654 Loaded shared library C:\Users\ASUS\AppData\Roaming\Code\User\globalStorage\redhat.java\1.17.0\config_win\org.eclipse.equinox.launcher\org.eclipse.equinox.launcher.win32.win32.x86_64_1.2.700.v20221108-1024\eclipse_11801.dll

Deoptimization events (20 events):
Event: 3.623 Thread 0x00000221598ce980 DEOPT PACKING pc=0x00000221495f0534 sp=0x00000034209f62d0
Event: 3.623 Thread 0x00000221598ce980 DEOPT UNPACKING pc=0x0000022148fe90a2 sp=0x00000034209f6278 mode 2
Event: 3.623 Thread 0x00000221598ce980 Uncommon trap: trap_request=0xffffffde fr.pc=0x00000221495eed04 relative=0x0000000000000524
Event: 3.623 Thread 0x00000221598ce980 Uncommon trap: reason=class_check action=maybe_recompile pc=0x00000221495eed04 method=java.util.regex.Matcher.search(I)Z @ 121 c2
Event: 3.623 Thread 0x00000221598ce980 DEOPT PACKING pc=0x00000221495eed04 sp=0x00000034209f63b0
Event: 3.623 Thread 0x00000221598ce980 DEOPT UNPACKING pc=0x0000022148fe90a2 sp=0x00000034209f6380 mode 2
Event: 3.623 Thread 0x00000221598ce980 Uncommon trap: trap_request=0xffffffde fr.pc=0x00000221495eed04 relative=0x0000000000000524
Event: 3.623 Thread 0x00000221598ce980 Uncommon trap: reason=class_check action=maybe_recompile pc=0x00000221495eed04 method=java.util.regex.Matcher.search(I)Z @ 121 c2
Event: 3.623 Thread 0x00000221598ce980 DEOPT PACKING pc=0x00000221495eed04 sp=0x00000034209f63c0
Event: 3.623 Thread 0x00000221598ce980 DEOPT UNPACKING pc=0x0000022148fe90a2 sp=0x00000034209f6390 mode 2
Event: 3.623 Thread 0x00000221598ce980 Uncommon trap: trap_request=0xffffffde fr.pc=0x00000221495eed04 relative=0x0000000000000524
Event: 3.623 Thread 0x00000221598ce980 Uncommon trap: reason=class_check action=maybe_recompile pc=0x00000221495eed04 method=java.util.regex.Matcher.search(I)Z @ 121 c2
Event: 3.623 Thread 0x00000221598ce980 DEOPT PACKING pc=0x00000221495eed04 sp=0x00000034209f63c0
Event: 3.623 Thread 0x00000221598ce980 DEOPT UNPACKING pc=0x0000022148fe90a2 sp=0x00000034209f6390 mode 2
Event: 3.737 Thread 0x00000221598ce980 DEOPT PACKING pc=0x0000022141b4f4ce sp=0x00000034209f76f0
Event: 3.737 Thread 0x00000221598ce980 DEOPT UNPACKING pc=0x0000022148fe9842 sp=0x00000034209f6be8 mode 0
Event: 3.737 Thread 0x00000221598ce980 Uncommon trap: trap_request=0xffffff45 fr.pc=0x00000221495fab88 relative=0x0000000000000dc8
Event: 3.737 Thread 0x00000221598ce980 Uncommon trap: reason=unstable_if action=reinterpret pc=0x00000221495fab88 method=java.util.Properties.loadConvert([CIILjava/lang/StringBuilder;)Ljava/lang/String; @ 491 c2
Event: 3.737 Thread 0x00000221598ce980 DEOPT PACKING pc=0x00000221495fab88 sp=0x00000034209f7720
Event: 3.737 Thread 0x00000221598ce980 DEOPT UNPACKING pc=0x0000022148fe90a2 sp=0x00000034209f7700 mode 2

Classes loaded (20 events):
Event: 3.632 Loading class java/lang/foreign/ValueLayout
Event: 3.633 Loading class java/lang/foreign/MemoryLayout
Event: 3.633 Loading class java/lang/foreign/MemoryLayout done
Event: 3.633 Loading class java/lang/foreign/ValueLayout done
Event: 3.634 Loading class java/io/ObjectInputStream
Event: 3.634 Loading class java/io/ObjectInput
Event: 3.634 Loading class java/io/ObjectInput done
Event: 3.635 Loading class java/io/ObjectStreamConstants
Event: 3.635 Loading class java/io/ObjectStreamConstants done
Event: 3.635 Loading class java/io/ObjectInputStream done
Event: 3.635 Loading class java/io/ObjectOutputStream
Event: 3.635 Loading class java/io/ObjectOutput
Event: 3.636 Loading class java/io/ObjectOutput done
Event: 3.636 Loading class java/io/ObjectOutputStream done
Event: 3.733 Loading class java/lang/IllegalCallerException
Event: 3.734 Loading class java/lang/IllegalCallerException done
Event: 3.739 Loading class java/lang/invoke/DirectMethodHandle$1
Event: 3.739 Loading class java/lang/invoke/DirectMethodHandle$1 done
Event: 3.740 Loading class java/lang/StackWalker$Option
Event: 3.740 Loading class java/lang/StackWalker$Option done

Classes unloaded (0 events):
No events

Classes redefined (0 events):
No events

Internal exceptions (20 events):
Event: 1.605 Thread 0x00000221399a0250 Exception <a 'java/lang/NoSuchMethodError'{0x00000000eac39a60}: 'java.lang.Object java.lang.invoke.DirectMethodHandle$Holder.invokeInterface(java.lang.Object, java.lang.Object)'> (0x00000000eac39a60) 
thrown [s\open\src\hotspot\share\interpreter\linkResolver.cpp, line 773]
Event: 1.606 Thread 0x00000221399a0250 Exception <a 'java/lang/IncompatibleClassChangeError'{0x00000000eac3cf78}: Found class java.lang.Object, but interface was expected> (0x00000000eac3cf78) 
thrown [s\open\src\hotspot\share\interpreter\linkResolver.cpp, line 840]
Event: 1.607 Thread 0x00000221399a0250 Exception <a 'java/lang/NoSuchMethodError'{0x00000000eac41630}: 'void java.lang.invoke.DirectMethodHandle$Holder.invokeStatic(java.lang.Object, java.lang.Object)'> (0x00000000eac41630) 
thrown [s\open\src\hotspot\share\interpreter\linkResolver.cpp, line 773]
Event: 1.608 Thread 0x00000221399a0250 Exception <a 'java/lang/NoSuchMethodError'{0x00000000eac44998}: 'void java.lang.invoke.DirectMethodHandle$Holder.invokeStaticInit(java.lang.Object, java.lang.Object)'> (0x00000000eac44998) 
thrown [s\open\src\hotspot\share\interpreter\linkResolver.cpp, line 773]
Event: 1.610 Thread 0x00000221399a0250 Exception <a 'java/lang/NoSuchMethodError'{0x00000000eac4bf60}: 'int java.lang.invoke.DirectMethodHandle$Holder.invokeStaticInit(java.lang.Object, java.lang.Object)'> (0x00000000eac4bf60) 
thrown [s\open\src\hotspot\share\interpreter\linkResolver.cpp, line 773]
Event: 1.689 Thread 0x00000221399a0250 Exception <a 'java/lang/NoSuchMethodError'{0x00000000ead92010}: 'void java.lang.invoke.DirectMethodHandle$Holder.invokeSpecial(java.lang.Object, java.lang.Object, java.lang.Object)'> (0x00000000ead92010) 
thrown [s\open\src\hotspot\share\interpreter\linkResolver.cpp, line 773]
Event: 2.086 Thread 0x00000221399a0250 Exception <a 'java/lang/NoSuchMethodError'{0x00000000eb655388}: 'int java.lang.invoke.DirectMethodHandle$Holder.invokeVirtual(java.lang.Object, java.lang.Object)'> (0x00000000eb655388) 
thrown [s\open\src\hotspot\share\interpreter\linkResolver.cpp, line 773]
Event: 2.244 Thread 0x00000221399a0250 Exception <a 'java/lang/NoSuchMethodError'{0x00000000eba187a0}: 'java.lang.Object java.lang.invoke.DirectMethodHandle$Holder.newInvokeSpecial(java.lang.Object, int, java.lang.Object)'> (0x00000000eba187a0) 
thrown [s\open\src\hotspot\share\interpreter\linkResolver.cpp, line 773]
Event: 2.249 Thread 0x00000221399a0250 Exception <a 'java/lang/NoSuchMethodError'{0x00000000eba34fe0}: 'java.lang.Object java.lang.invoke.DirectMethodHandle$Holder.newInvokeSpecial(java.lang.Object, java.lang.Object, java.lang.Object, java.lang.Object, int, java.lang.Object)'> (0x00000000eba34fe0) 
thrown [s\open\src\hotspot\share\interpreter\linkResolver.cpp, line 773]
Event: 2.336 Thread 0x00000221399a0250 Implicit null exception at 0x0000022149585fd2 to 0x0000022149586400
Event: 2.648 Thread 0x00000221399a0250 Exception <a 'java/lang/UnsatisfiedLinkError'{0x00000000ebf67a58}: 'void org.eclipse.equinox.launcher.JNIBridge._update_splash()'> (0x00000000ebf67a58) 
thrown [s\open\src\hotspot\share\prims\nativeLookup.cpp, line 414]
Event: 3.130 Thread 0x00000221598ce980 Exception <a 'java/io/FileNotFoundException'{0x00000000eb493608}> (0x00000000eb493608) 
thrown [s\open\src\hotspot\share\prims\jni.cpp, line 519]
Event: 3.149 Thread 0x00000221598ce980 Exception <a 'java/lang/NullPointerException'{0x00000000eb4e5880}> (0x00000000eb4e5880) 
thrown [s\open\src\hotspot\share\interpreter\linkResolver.cpp, line 1373]
Event: 3.149 Thread 0x00000221598ce980 Exception <a 'java/lang/NullPointerException'{0x00000000eb4e60c0}> (0x00000000eb4e60c0) 
thrown [s\open\src\hotspot\share\interpreter\linkResolver.cpp, line 1373]
Event: 3.498 Thread 0x00000221598ce980 Exception <a 'java/lang/NoSuchMethodError'{0x00000000ebef8a98}: 'void java.lang.invoke.DirectMethodHandle$Holder.invokeInterface(java.lang.Object, java.lang.Object, java.lang.Object)'> (0x00000000ebef8a98) 
thrown [s\open\src\hotspot\share\interpreter\linkResolver.cpp, line 773]
Event: 3.551 Thread 0x00000221598ce980 Exception <a 'java/lang/NoSuchMethodError'{0x00000000ec0a5c50}: 'void java.lang.invoke.Invokers$Holder.invokeExact_MT(java.lang.Object, java.lang.Object, java.lang.Object)'> (0x00000000ec0a5c50) 
thrown [s\open\src\hotspot\share\interpreter\linkResolver.cpp, line 773]
Event: 3.643 Thread 0x00000221598ce980 Exception <a 'java/lang/NoSuchMethodError'{0x00000000ec325f68}: 'java.lang.Object java.lang.invoke.DirectMethodHandle$Holder.invokeVirtual(java.lang.Object, java.lang.Object, java.lang.Object)'> (0x00000000ec325f68) 
thrown [s\open\src\hotspot\share\interpreter\linkResolver.cpp, line 773]
Event: 3.648 Thread 0x00000221598ce980 Exception <a 'java/lang/NoSuchMethodError'{0x00000000ec33dca8}: 'java.lang.Object java.lang.invoke.DelegatingMethodHandle$Holder.reinvoke_L(java.lang.Object, java.lang.Object, java.lang.Object, java.lang.Object, int, int)'> (0x00000000ec33dca8) 
thrown [s\open\src\hotspot\share\interpreter\linkResolver.cpp, line 773]
Event: 3.653 Thread 0x00000221598ce980 Exception <a 'java/lang/NoSuchMethodError'{0x00000000ec359620}: 'java.lang.Object java.lang.invoke.DirectMethodHandle$Holder.newInvokeSpecial(java.lang.Object, java.lang.Object, java.lang.Object, java.lang.Object, java.lang.Object, java.lang.Object)'> (0x00000000ec359620) 
thrown [s\open\src\hotspot\share\interpreter\linkResolver.cpp, line 773]
Event: 3.657 Thread 0x00000221598ce980 Exception <a 'java/lang/NoSuchMethodError'{0x00000000ec36df60}: 'void java.lang.invoke.Invokers$Holder.invokeExact_MT(java.lang.Object, java.lang.Object, java.lang.Object, java.lang.Object)'> (0x00000000ec36df60) 
thrown [s\open\src\hotspot\share\interpreter\linkResolver.cpp, line 773]

VM Operations (20 events):
Event: 2.186 Executing VM operation: HandshakeAllThreads
Event: 2.186 Executing VM operation: HandshakeAllThreads done
Event: 2.200 Executing VM operation: HandshakeAllThreads
Event: 2.200 Executing VM operation: HandshakeAllThreads done
Event: 2.233 Executing VM operation: HandshakeAllThreads
Event: 2.233 Executing VM operation: HandshakeAllThreads done
Event: 2.772 Executing VM operation: HandshakeAllThreads
Event: 2.772 Executing VM operation: HandshakeAllThreads done
Event: 2.772 Executing VM operation: Cleanup
Event: 2.772 Executing VM operation: Cleanup done
Event: 2.839 Executing VM operation: ParallelGCFailedAllocation
Event: 2.849 Executing VM operation: ParallelGCFailedAllocation done
Event: 2.970 Executing VM operation: HandshakeAllThreads
Event: 2.970 Executing VM operation: HandshakeAllThreads done
Event: 3.379 Executing VM operation: HandshakeAllThreads
Event: 3.379 Executing VM operation: HandshakeAllThreads done
Event: 3.460 Executing VM operation: HandshakeAllThreads
Event: 3.460 Executing VM operation: HandshakeAllThreads done
Event: 3.684 Executing VM operation: ParallelGCFailedAllocation
Event: 3.692 Executing VM operation: ParallelGCFailedAllocation done

Events (20 events):
Event: 0.080 Thread 0x0000022139a4f4e0 Thread added: 0x0000022139a4f4e0
Event: 0.080 Thread 0x0000022139a51e30 Thread added: 0x0000022139a51e30
Event: 0.080 Thread 0x0000022139a52770 Thread added: 0x0000022139a52770
Event: 0.081 Thread 0x0000022139a53d20 Thread added: 0x0000022139a53d20
Event: 0.081 Thread 0x0000022139a55250 Thread added: 0x0000022139a55250
Event: 0.139 Thread 0x0000022139a0f170 Thread added: 0x0000022139a0f170
Event: 0.585 Thread 0x0000022154315110 Thread added: 0x0000022154315110
Event: 0.739 Thread 0x0000022159418c10 Thread added: 0x0000022159418c10
Event: 1.093 Thread 0x000002215941a7e0 Thread added: 0x000002215941a7e0
Event: 1.557 Thread 0x000002215941a7e0 Thread exited: 0x000002215941a7e0
Event: 1.557 Thread 0x0000022159418c10 Thread exited: 0x0000022159418c10
Event: 1.688 Thread 0x00000221596519c0 Thread added: 0x00000221596519c0
Event: 2.166 Thread 0x00000221599e4440 Thread added: 0x00000221599e4440
Event: 2.623 Thread 0x00000221596519c0 Thread exited: 0x00000221596519c0
Event: 2.636 Thread 0x00000221598ce430 Thread added: 0x00000221598ce430
Event: 2.645 Thread 0x00000221598ce980 Thread added: 0x00000221598ce980
Event: 2.710 Thread 0x0000022159a41cd0 Thread added: 0x0000022159a41cd0
Event: 2.944 Thread 0x0000022159b767a0 Thread added: 0x0000022159b767a0
Event: 3.078 Thread 0x0000022159a107c0 Thread added: 0x0000022159a107c0
Event: 3.513 Thread 0x0000022159b757b0 Thread added: 0x0000022159b757b0


Dynamic libraries:
0x00007ff69f040000 - 0x00007ff69f050000 	C:\Program Files\Java\jdk-20\bin\java.exe
0x00007ff8ead50000 - 0x00007ff8eaf64000 	C:\WINDOWS\SYSTEM32\ntdll.dll
0x00007ff8ea690000 - 0x00007ff8ea752000 	C:\WINDOWS\System32\KERNEL32.DLL
0x00007ff8e8710000 - 0x00007ff8e8aac000 	C:\WINDOWS\System32\KERNELBASE.dll
0x00007ff8e84c0000 - 0x00007ff8e85d1000 	C:\WINDOWS\System32\ucrtbase.dll
0x00007ff8d2010000 - 0x00007ff8d202b000 	C:\Program Files\Java\jdk-20\bin\VCRUNTIME140.dll
0x00007ff8e3530000 - 0x00007ff8e3549000 	C:\Program Files\Java\jdk-20\bin\jli.dll
0x00007ff8e9410000 - 0x00007ff8e94be000 	C:\WINDOWS\System32\ADVAPI32.dll
0x00007ff8ea920000 - 0x00007ff8ea9c7000 	C:\WINDOWS\System32\msvcrt.dll
0x00007ff8eabe0000 - 0x00007ff8eac84000 	C:\WINDOWS\System32\sechost.dll
0x00007ff8e8d70000 - 0x00007ff8e8e87000 	C:\WINDOWS\System32\RPCRT4.dll
0x00007ff8e9260000 - 0x00007ff8e940b000 	C:\WINDOWS\System32\USER32.dll
0x00007ff8e8ab0000 - 0x00007ff8e8ad6000 	C:\WINDOWS\System32\win32u.dll
0x00007ff8d4920000 - 0x00007ff8d4bae000 	C:\WINDOWS\WinSxS\amd64_microsoft.windows.common-controls_6595b64144ccf1df_6.0.22621.608_none_a9444ca7c10bb01d\COMCTL32.dll
0x00007ff8eaad0000 - 0x00007ff8eaaf9000 	C:\WINDOWS\System32\GDI32.dll
0x00007ff8e8230000 - 0x00007ff8e8343000 	C:\WINDOWS\System32\gdi32full.dll
0x00007ff8e8190000 - 0x00007ff8e822a000 	C:\WINDOWS\System32\msvcp_win.dll
0x00007ff8e0b60000 - 0x00007ff8e0b6a000 	C:\WINDOWS\SYSTEM32\VERSION.dll
0x00007ff8e8e90000 - 0x00007ff8e8ec1000 	C:\WINDOWS\System32\IMM32.DLL
0x00007ff8da1b0000 - 0x00007ff8da1bc000 	C:\Program Files\Java\jdk-20\bin\vcruntime140_1.dll
0x00007ff8b8150000 - 0x00007ff8b81de000 	C:\Program Files\Java\jdk-20\bin\msvcp140.dll
0x00007ff84b7f0000 - 0x00007ff84c487000 	C:\Program Files\Java\jdk-20\bin\server\jvm.dll
0x00007ff8d1bc0000 - 0x00007ff8d1bc9000 	C:\WINDOWS\SYSTEM32\WSOCK32.dll
0x00007ff8e0b90000 - 0x00007ff8e0bc4000 	C:\WINDOWS\SYSTEM32\WINMM.dll
0x00007ff8ea5f0000 - 0x00007ff8ea661000 	C:\WINDOWS\System32\WS2_32.dll
0x00007ff8e71a0000 - 0x00007ff8e71b8000 	C:\WINDOWS\SYSTEM32\kernel.appcore.dll
0x00007ff8d8d80000 - 0x00007ff8d8d8a000 	C:\Program Files\Java\jdk-20\bin\jimage.dll
0x00007ff8da940000 - 0x00007ff8dab6e000 	C:\WINDOWS\SYSTEM32\DBGHELP.DLL
0x00007ff8e8ed0000 - 0x00007ff8e9259000 	C:\WINDOWS\System32\combase.dll
0x00007ff8eab00000 - 0x00007ff8eabd7000 	C:\WINDOWS\System32\OLEAUT32.dll
0x00007ff8d0080000 - 0x00007ff8d00b2000 	C:\WINDOWS\SYSTEM32\dbgcore.DLL
0x00007ff8e8ae0000 - 0x00007ff8e8b5b000 	C:\WINDOWS\System32\bcryptPrimitives.dll
0x00007ff8d8ca0000 - 0x00007ff8d8cae000 	C:\Program Files\Java\jdk-20\bin\instrument.dll
0x00007ff8cc440000 - 0x00007ff8cc466000 	C:\Program Files\Java\jdk-20\bin\java.dll
0x00007ff89cdd0000 - 0x00007ff89cea7000 	C:\Program Files\Java\jdk-20\bin\jsvml.dll
0x00007ff8e97e0000 - 0x00007ff8e9fd0000 	C:\WINDOWS\System32\SHELL32.dll
0x00007ff8e6150000 - 0x00007ff8e6a1d000 	C:\WINDOWS\SYSTEM32\windows.storage.dll
0x00007ff8e6010000 - 0x00007ff8e614e000 	C:\WINDOWS\SYSTEM32\wintypes.dll
0x00007ff8ea9d0000 - 0x00007ff8eaac1000 	C:\WINDOWS\System32\SHCORE.dll
0x00007ff8e8b60000 - 0x00007ff8e8bbe000 	C:\WINDOWS\System32\shlwapi.dll
0x00007ff8e80c0000 - 0x00007ff8e80e1000 	C:\WINDOWS\SYSTEM32\profapi.dll
0x00007ff8d0cb0000 - 0x00007ff8d0cc8000 	C:\Program Files\Java\jdk-20\bin\zip.dll
0x00007ff8d1b70000 - 0x00007ff8d1b83000 	C:\Program Files\Java\jdk-20\bin\net.dll
0x00007ff8e04b0000 - 0x00007ff8e05e7000 	C:\WINDOWS\SYSTEM32\WINHTTP.dll
0x00007ff8e7610000 - 0x00007ff8e7679000 	C:\WINDOWS\system32\mswsock.dll
0x00007ff8d0de0000 - 0x00007ff8d0df6000 	C:\Program Files\Java\jdk-20\bin\nio.dll
0x00007ff8d2130000 - 0x00007ff8d2140000 	C:\Program Files\Java\jdk-20\bin\verify.dll
0x00007ff8ba2a0000 - 0x00007ff8ba2de000 	C:\Users\ASUS\AppData\Roaming\Code\User\globalStorage\redhat.java\1.17.0\config_win\org.eclipse.equinox.launcher\org.eclipse.equinox.launcher.win32.win32.x86_64_1.2.700.v20221108-1024\eclipse_11801.dll
0x00007ff8e8bc0000 - 0x00007ff8e8d5c000 	C:\WINDOWS\System32\ole32.dll

dbghelp: loaded successfully - version: 4.0.5 - missing functions: none
symbol engine: initialized successfully - sym options: 0x614 - pdb path: .;C:\Program Files\Java\jdk-20\bin;C:\WINDOWS\SYSTEM32;C:\WINDOWS\WinSxS\amd64_microsoft.windows.common-controls_6595b64144ccf1df_6.0.22621.608_none_a9444ca7c10bb01d;C:\Program Files\Java\jdk-20\bin\server;C:\Users\ASUS\AppData\Roaming\Code\User\globalStorage\redhat.java\1.17.0\config_win\org.eclipse.equinox.launcher\org.eclipse.equinox.launcher.win32.win32.x86_64_1.2.700.v20221108-1024

VM Arguments:
jvm_args: --add-modules=ALL-SYSTEM --add-opens=java.base/java.util=ALL-UNNAMED --add-opens=java.base/java.lang=ALL-UNNAMED --add-opens=java.base/sun.nio.fs=ALL-UNNAMED -Declipse.application=org.eclipse.jdt.ls.core.id1 -Dosgi.bundles.defaultStartLevel=4 -Declipse.product=org.eclipse.jdt.ls.core.product -Djava.import.generatesMetadataFilesAtProjectRoot=false -Dfile.encoding=utf8 -XX:+UseParallelGC -XX:GCTimeRatio=4 -XX:AdaptiveSizePolicyWeight=90 -Dsun.zip.disableMemoryMapping=true -Xmx1G -Xms100m -Xlog:disable -javaagent:c:\Users\ASUS\.vscode\extensions\redhat.java-1.17.0\lombok\lombok-1.18.24.jar -XX:+HeapDumpOnOutOfMemoryError -XX:HeapDumpPath=c:\Users\ASUS\AppData\Roaming\Code\User\workspaceStorage\46850cd7a74eb46246fb97daccfef2b2\redhat.java -Daether.dependencyCollector.impl=bf 
java_command: c:\Users\ASUS\.vscode\extensions\redhat.java-1.17.0\server\plugins\org.eclipse.equinox.launcher_1.6.400.v20210924-0641.jar -configuration c:\Users\ASUS\AppData\Roaming\Code\User\globalStorage\redhat.java\1.17.0\config_win -data c:\Users\ASUS\AppData\Roaming\Code\User\workspaceStorage\46850cd7a74eb46246fb97daccfef2b2\redhat.java\jdt_ws
java_class_path (initial): c:\Users\ASUS\.vscode\extensions\redhat.java-1.17.0\server\plugins\org.eclipse.equinox.launcher_1.6.400.v20210924-0641.jar
Launcher Type: SUN_STANDARD

[Global flags]
    uintx AdaptiveSizePolicyWeight                 = 90                                        {product} {command line}
     intx CICompilerCount                          = 4                                         {product} {ergonomic}
    uintx GCTimeRatio                              = 4                                         {product} {command line}
     bool HeapDumpOnOutOfMemoryError               = true                                   {manageable} {command line}
    ccstr HeapDumpPath                             = c:\Users\ASUS\AppData\Roaming\Code\User\workspaceStorage\46850cd7a74eb46246fb97daccfef2b2\redhat.java         {manageable} {command line}
   size_t InitialHeapSize                          = 104857600                                 {product} {command line}
   size_t MaxHeapSize                              = 1073741824                                {product} {command line}
   size_t MaxNewSize                               = 357564416                                 {product} {ergonomic}
   size_t MinHeapDeltaBytes                        = 524288                                    {product} {ergonomic}
   size_t MinHeapSize                              = 104857600                                 {product} {command line}
   size_t NewSize                                  = 34603008                                  {product} {ergonomic}
    uintx NonNMethodCodeHeapSize                   = 5839372                                {pd product} {ergonomic}
    uintx NonProfiledCodeHeapSize                  = 122909434                              {pd product} {ergonomic}
   size_t OldSize                                  = 70254592                                  {product} {ergonomic}
    uintx ProfiledCodeHeapSize                     = 122909434                              {pd product} {ergonomic}
    uintx ReservedCodeCacheSize                    = 251658240                              {pd product} {ergonomic}
     bool SegmentedCodeCache                       = true                                      {product} {ergonomic}
   size_t SoftMaxHeapSize                          = 1073741824                             {manageable} {ergonomic}
     bool UseCompressedClassPointers               = true                           {product lp64_product} {ergonomic}
     bool UseCompressedOops                        = true                           {product lp64_product} {ergonomic}
     bool UseLargePagesIndividualAllocation        = false                                  {pd product} {ergonomic}
     bool UseParallelGC                            = true                                      {product} {command line}

Logging:
Log output configuration:
 #0: stdout all=off uptime,level,tags foldmultilines=false
 #1: stderr all=off uptime,level,tags foldmultilines=false

Environment Variables:
JAVA_HOME=C:\Program Files\Java\jdk-20
PATH=C:\Program Files\Common Files\Oracle\Java\javapath;C:\Windows\system32;C:\Windows;C:\Windows\System32\Wbem;C:\Windows\System32\WindowsPowerShell\v1.0\;C:\Windows\System32\OpenSSH\;C:\Program Files (x86)\NVIDIA Corporation\PhysX\Common;C:\Program Files\NVIDIA Corporation\NVIDIA NvDLISR;C:\ProgramData\chocolatey\bin;C:\WINDOWS\system32;C:\WINDOWS;C:\WINDOWS\System32\Wbem;C:\WINDOWS\System32\WindowsPowerShell\v1.0\;C:\WINDOWS\System32\OpenSSH\;C:\Program Files\Git\cmd;C:\Program Files\Git\mingw64\bin;C:\Program Files\Git\usr\bin;C:\Program Files\Microsoft SQL Server\Client SDK\ODBC\170\Tools\Binn\;C:\Program Files (x86)\Microsoft SQL Server\150\Tools\Binn\;C:\Program Files\Microsoft SQL Server\150\Tools\Binn\;C:\Program Files\Microsoft SQL Server\150\DTS\Binn\;C:\Program Files\Azure Data Studio\bin;D:\Program Files\MySQL\MySQL Server 8.0\bin;C:\Program Files\nodejs\;C:\Program Files\Java\jdk-20\bin;C:\Program Files\MySQL\MySQL Shell 8.0\bin\;C:\Users\ASUS\AppData\Local\Programs\Python\Python39\Scripts\;C:\Users\ASUS\AppData\Local\Programs\Python\Python39\;C:\Users\ASUS\AppData\Local\Microsoft\WindowsApps;C:\Users\ASUS\AppData\Local\Programs\Microsoft VS Code\bin;C:\Users\ASUS\AppData\Local\GitHubDesktop\bin;C:\ghcup\bin;C:\Users\ASUS\AppData\Roaming\cabal\bin;C:\tools\ghc-9.2.1\bin;C:\MinGW\bin;C:\Program Files\Azure Data Studio\bin;C:\Users\ASUS\AppData\Roaming\npm;C:\Users\ASUS\AppData\Local\Microsoft\WindowsApps;C:\Program Files\Java\jdk-20\bin;;D:\intellij\IntelliJ IDEA Community Edition 2023.1\bin;
USERNAME=ASUS
OS=Windows_NT
PROCESSOR_IDENTIFIER=AMD64 Family 23 Model 96 Stepping 1, AuthenticAMD
TMP=C:\Users\ASUS\AppData\Local\Temp
TEMP=C:\Users\ASUS\AppData\Local\Temp




---------------  S Y S T E M  ---------------

OS:
 Windows 11 , 64 bit Build 22621 (10.0.22621.1485)
OS uptime: 3 days 5:21 hours
Hyper-V role detected

CPU: total 12 (initial active 12) (12 cores per cpu, 2 threads per core) family 23 model 96 stepping 1 microcode 0x0, cx8, cmov, fxsr, ht, mmx, 3dnowpref, sse, sse2, sse3, ssse3, sse4a, sse4.1, sse4.2, popcnt, lzcnt, tsc, tscinvbit, avx, avx2, aes, clmul, bmi1, bmi2, adx, sha, fma, vzeroupper, clflush, clflushopt, hv, rdtscp, rdpid, f16c

Memory: 4k page, system-wide physical 15791M (3265M free)
TotalPageFile size 32107M (AvailPageFile size 5M)
current process WorkingSet (physical memory assigned to process): 106M, peak: 106M
current process commit charge ("private bytes"): 226M, peak: 226M

vm_info: Java HotSpot(TM) 64-Bit Server VM (20.0.1+9-29) for windows-amd64 JRE (20.0.1+9-29), built on 2023-03-07T13:56:11Z by "mach5one" with MS VC++ 17.1 (VS2022)

END.
