#
# There is insufficient memory for the Java Runtime Environment to continue.
# Native memory allocation (malloc) failed to allocate 788736 bytes for Chunk::new
# Possible reasons:
#   The system is out of physical RAM or swap space
#   The process is running with CompressedOops enabled, and the Java Heap may be blocking the growth of the native heap
# Possible solutions:
#   Reduce memory load on the system
#   Increase physical memory or swap space
#   Check if swap backing store is full
#   Decrease Java heap size (-Xmx/-Xms)
#   Decrease number of Java threads
#   Decrease Java thread stack sizes (-Xss)
#   Set larger code cache with -XX:ReservedCodeCacheSize=
#   JVM is running with Unscaled Compressed Oops mode in which the Java heap is
#     placed in the first 4GB address space. The Java Heap base address is the
#     maximum limit for the native heap growth. Please use -XX:HeapBaseMinAddress
#     to set the Java Heap base and to place the Java Heap above 4GB virtual address.
# This output file may be truncated or incomplete.
#
#  Out of Memory Error (arena.cpp:184), pid=21348, tid=7084
#
# JRE version: Java(TM) SE Runtime Environment (20.0.1+9) (build 20.0.1+9-29)
# Java VM: Java HotSpot(TM) 64-Bit Server VM (20.0.1+9-29, mixed mode, sharing, tiered, compressed oops, compressed class ptrs, parallel gc, windows-amd64)
# No core dump will be written. Minidumps are not enabled by default on client versions of Windows
#

---------------  S U M M A R Y ------------

Command Line: --add-modules=ALL-SYSTEM --add-opens=java.base/java.util=ALL-UNNAMED --add-opens=java.base/java.lang=ALL-UNNAMED --add-opens=java.base/sun.nio.fs=ALL-UNNAMED -Declipse.application=org.eclipse.jdt.ls.core.id1 -Dosgi.bundles.defaultStartLevel=4 -Declipse.product=org.eclipse.jdt.ls.core.product -Djava.import.generatesMetadataFilesAtProjectRoot=false -Dfile.encoding=utf8 -XX:+UseParallelGC -XX:GCTimeRatio=4 -XX:AdaptiveSizePolicyWeight=90 -Dsun.zip.disableMemoryMapping=true -Xmx1G -Xms100m -Xlog:disable -javaagent:c:\Users\ASUS\.vscode\extensions\redhat.java-1.17.0\lombok\lombok-1.18.24.jar c:\Users\ASUS\.vscode\extensions\redhat.java-1.17.0\server\plugins\org.eclipse.equinox.launcher_1.6.400.v20210924-0641.jar -configuration c:\Users\ASUS\AppData\Roaming\Code\User\globalStorage\redhat.java\1.17.0\config_ss_win -data c:\Users\ASUS\AppData\Roaming\Code\User\workspaceStorage\46850cd7a74eb46246fb97daccfef2b2\redhat.java\ss_ws

Host: AMD Ryzen 5 4600H with Radeon Graphics         , 12 cores, 15G,  Windows 11 , 64 bit Build 22621 (10.0.22621.1485)
Time: Tue Apr 25 05:17:38 2023 SE Asia Standard Time elapsed time: 4.651125 seconds (0d 0h 0m 4s)

---------------  T H R E A D  ---------------

Current thread (0x0000029670441fd0):  JavaThread "C2 CompilerThread0" daemon [_thread_in_native, id=7084, stack(0x000000eb38500000,0x000000eb38600000)]


Current CompileTask:
C2:   4651 2514       4       org.objectweb.asm.ClassReader::readMethod (1066 bytes)

Stack: [0x000000eb38500000,0x000000eb38600000]
Native frames: (J=compiled Java code, j=interpreted, Vv=VM code, C=native code)
V  [jvm.dll+0x6bb95a]
V  [jvm.dll+0x8485fa]
V  [jvm.dll+0x84a1f5]
V  [jvm.dll+0x84a8f3]
V  [jvm.dll+0x280b0f]
V  [jvm.dll+0xc2b11]
V  [jvm.dll+0xc2e35]
V  [jvm.dll+0x2f5dbf]
V  [jvm.dll+0x5e32eb]
V  [jvm.dll+0x2543b4]
V  [jvm.dll+0x25477f]
V  [jvm.dll+0x24cf6d]
V  [jvm.dll+0x24a549]
V  [jvm.dll+0x1ce491]
V  [jvm.dll+0x259e1b]
V  [jvm.dll+0x2584f0]
V  [jvm.dll+0x3f2895]
V  [jvm.dll+0x7f4b56]
V  [jvm.dll+0x6ba5cb]
C  [ucrtbase.dll+0x29363]
C  [KERNEL32.DLL+0x1269d]
C  [ntdll.dll+0x5a9f8]


---------------  P R O C E S S  ---------------

Threads class SMR info:
_java_thread_list=0x00000296756dc200, length=20, elements={
0x0000029655d3caf0, 0x0000029655de5fe0, 0x0000029655de73c0, 0x0000029655deaaf0,
0x0000029655dec4e0, 0x0000029655defce0, 0x0000029655df0cd0, 0x0000029670441fd0,
0x000002967044a1a0, 0x0000029655dedd00, 0x0000029655deecf0, 0x0000029655dee250,
0x0000029655dee7a0, 0x0000029655df0230, 0x0000029655def240, 0x0000029676093770,
0x0000029676098720, 0x0000029676096c90, 0x0000029676095ca0, 0x00000296764fa390
}

Java Threads: ( => current thread )
  0x0000029655d3caf0 JavaThread "main" [_thread_blocked, id=27452, stack(0x000000eb37c00000,0x000000eb37d00000)]
  0x0000029655de5fe0 JavaThread "Reference Handler" daemon [_thread_blocked, id=23324, stack(0x000000eb37f00000,0x000000eb38000000)]
  0x0000029655de73c0 JavaThread "Finalizer" daemon [_thread_blocked, id=12204, stack(0x000000eb38000000,0x000000eb38100000)]
  0x0000029655deaaf0 JavaThread "Signal Dispatcher" daemon [_thread_blocked, id=20908, stack(0x000000eb38100000,0x000000eb38200000)]
  0x0000029655dec4e0 JavaThread "Attach Listener" daemon [_thread_blocked, id=2480, stack(0x000000eb38200000,0x000000eb38300000)]
  0x0000029655defce0 JavaThread "Service Thread" daemon [_thread_blocked, id=13820, stack(0x000000eb38300000,0x000000eb38400000)]
  0x0000029655df0cd0 JavaThread "Monitor Deflation Thread" daemon [_thread_blocked, id=19828, stack(0x000000eb38400000,0x000000eb38500000)]
=>0x0000029670441fd0 JavaThread "C2 CompilerThread0" daemon [_thread_in_native, id=7084, stack(0x000000eb38500000,0x000000eb38600000)]
  0x000002967044a1a0 JavaThread "C1 CompilerThread0" daemon [_thread_blocked, id=8704, stack(0x000000eb38600000,0x000000eb38700000)]
  0x0000029655dedd00 JavaThread "Common-Cleaner" daemon [_thread_blocked, id=15068, stack(0x000000eb38700000,0x000000eb38800000)]
  0x0000029655deecf0 JavaThread "Notification Thread" daemon [_thread_blocked, id=21904, stack(0x000000eb38800000,0x000000eb38900000)]
  0x0000029655dee250 JavaThread "Active Thread: Equinox Container: 4ab3ab8c-0717-4db5-ac96-0369afb53165" [_thread_blocked, id=9324, stack(0x000000eb38b00000,0x000000eb38c00000)]
  0x0000029655dee7a0 JavaThread "Framework Event Dispatcher: Equinox Container: 4ab3ab8c-0717-4db5-ac96-0369afb53165" daemon [_thread_blocked, id=25136, stack(0x000000eb39200000,0x000000eb39300000)]
  0x0000029655df0230 JavaThread "Start Level: Equinox Container: 4ab3ab8c-0717-4db5-ac96-0369afb53165" daemon [_thread_in_Java, id=11144, stack(0x000000eb39300000,0x000000eb39400000)]
  0x0000029655def240 JavaThread "SCR Component Actor" daemon [_thread_blocked, id=12468, stack(0x000000eb39400000,0x000000eb39500000)]
  0x0000029676093770 JavaThread "SCR Component Registry" daemon [_thread_blocked, id=26660, stack(0x000000eb39600000,0x000000eb39700000)]
  0x0000029676098720 JavaThread "Worker-JM" [_thread_blocked, id=8696, stack(0x000000eb39700000,0x000000eb39800000)]
  0x0000029676096c90 JavaThread "Worker-0" [_thread_blocked, id=7428, stack(0x000000eb39a00000,0x000000eb39b00000)]
  0x0000029676095ca0 JavaThread "Worker-1" [_thread_blocked, id=6988, stack(0x000000eb39b00000,0x000000eb39c00000)]
  0x00000296764fa390 JavaThread "C2 CompilerThread1" daemon [_thread_in_native, id=26244, stack(0x000000eb38a00000,0x000000eb38b00000)]

Other Threads:
  0x0000029655de1c40 VMThread "VM Thread" [stack: 0x000000eb37e00000,0x000000eb37f00000] [id=20964]
  0x00000296707ac520 WatcherThread "VM Periodic Task Thread" [stack: 0x000000eb38900000,0x000000eb38a00000] [id=27464]
  0x0000029655d5fa70 WorkerThread "GC Thread#0" [stack: 0x000000eb37d00000,0x000000eb37e00000] [id=15428]
  0x00000296758e4f90 WorkerThread "GC Thread#1" [stack: 0x000000eb38c00000,0x000000eb38d00000] [id=11788]
  0x0000029675aa7640 WorkerThread "GC Thread#2" [stack: 0x000000eb38d00000,0x000000eb38e00000] [id=16520]
  0x0000029675aa7910 WorkerThread "GC Thread#3" [stack: 0x000000eb38e00000,0x000000eb38f00000] [id=11896]
  0x0000029675aa7be0 WorkerThread "GC Thread#4" [stack: 0x000000eb38f00000,0x000000eb39000000] [id=17504]
  0x0000029675aa7eb0 WorkerThread "GC Thread#5" [stack: 0x000000eb39000000,0x000000eb39100000] [id=7008]
  0x0000029675aa8180 WorkerThread "GC Thread#6" [stack: 0x000000eb39100000,0x000000eb39200000] [id=14956]
  0x00000296760423b0 WorkerThread "GC Thread#7" [stack: 0x000000eb39500000,0x000000eb39600000] [id=20120]
  0x0000029676332260 WorkerThread "GC Thread#8" [stack: 0x000000eb39800000,0x000000eb39900000] [id=17592]
  0x0000029676332530 WorkerThread "GC Thread#9" [stack: 0x000000eb39900000,0x000000eb39a00000] [id=12464]

Threads with active compile tasks:
C2 CompilerThread0     4681 2514       4       org.objectweb.asm.ClassReader::readMethod (1066 bytes)
C2 CompilerThread1     4681 2609   !   4       java.util.concurrent.ConcurrentHashMap::transfer (849 bytes)

VM state: not at safepoint (normal execution)

VM Mutex/Monitor currently owned by a thread: None

Heap address: 0x00000000c0000000, size: 1024 MB, Compressed Oops mode: 32-bit

CDS archive(s) mapped at: [0x0000000800000000-0x0000000800c60000-0x0000000800c60000), size 12976128, SharedBaseAddress: 0x0000000800000000, ArchiveRelocationMode: 0.
Compressed class space mapped at: 0x0000000801000000-0x0000000841000000, reserved size: 1073741824
Narrow klass base: 0x0000000800000000, Narrow klass shift: 0, Narrow klass range: 0x100000000

GC Precious Log:
 CardTable entry size: 512
 CPUs: 12 total, 12 available
 Memory: 15791M
 Large Page Support: Disabled
 NUMA Support: Disabled
 Compressed Oops: Enabled (32-bit)
 Alignments: Space 512K, Generation 512K, Heap 2M
 Heap Min Capacity: 100M
 Heap Initial Capacity: 100M
 Heap Max Capacity: 1G
 Pre-touch: Disabled
 Parallel Workers: 10

Heap:
 PSYoungGen      total 29184K, used 6691K [0x00000000eab00000, 0x00000000ecd80000, 0x0000000100000000)
  eden space 25088K, 10% used [0x00000000eab00000,0x00000000ead8cd08,0x00000000ec380000)
  from space 4096K, 99% used [0x00000000ec400000,0x00000000ec7fc198,0x00000000ec800000)
  to   space 5120K, 0% used [0x00000000ec880000,0x00000000ec880000,0x00000000ecd80000)
 ParOldGen       total 68608K, used 4180K [0x00000000c0000000, 0x00000000c4300000, 0x00000000eab00000)
  object space 68608K, 6% used [0x00000000c0000000,0x00000000c0415230,0x00000000c4300000)
 Metaspace       used 20864K, committed 21440K, reserved 1114112K
  class space    used 1900K, committed 2176K, reserved 1048576K

Card table byte_map: [0x0000029655710000,0x0000029655920000] _byte_map_base: 0x0000029655110000

Marking Bits: (ParMarkBitMap*) 0x00007ff84c3bcef0
 Begin Bits: [0x000002966cdf0000, 0x000002966ddf0000)
 End Bits:   [0x000002966ddf0000, 0x000002966edf0000)

Polling page: 0x0000029655500000

Metaspace:

Usage:
  Non-class:     18.52 MB used.
      Class:      1.86 MB used.
       Both:     20.38 MB used.

Virtual space:
  Non-class space:       64.00 MB reserved,      18.81 MB ( 29%) committed,  1 nodes.
      Class space:        1.00 GB reserved,       2.12 MB ( <1%) committed,  1 nodes.
             Both:        1.06 GB reserved,      20.94 MB (  2%) committed. 

Chunk freelists:
   Non-Class:  784.00 KB
       Class:  1.92 MB
        Both:  2.68 MB

MaxMetaspaceSize: unlimited
CompressedClassSpaceSize: 1.00 GB
Initial GC threshold: 21.00 MB
Current GC threshold: 21.00 MB
CDS: on
MetaspaceReclaimPolicy: balanced
 - commit_granule_bytes: 65536.
 - commit_granule_words: 8192.
 - virtual_space_node_default_size: 8388608.
 - enlarge_chunks_in_place: 1.
 - new_chunks_are_fully_committed: 0.
 - uncommit_free_chunks: 1.
 - use_allocation_guard: 0.


Internal statistics:

num_allocs_failed_limit: 0.
num_arena_births: 370.
num_arena_deaths: 0.
num_vsnodes_births: 2.
num_vsnodes_deaths: 0.
num_space_committed: 335.
num_space_uncommitted: 0.
num_chunks_returned_to_freelist: 0.
num_chunks_taken_from_freelist: 1083.
num_chunk_merges: 0.
num_chunk_splits: 749.
num_chunks_enlarged: 509.
num_inconsistent_stats: 0.

CodeHeap 'non-profiled nmethods': size=120000Kb used=982Kb max_used=982Kb free=119017Kb
 bounds [0x00000296658c0000, 0x0000029665b30000, 0x000002966cdf0000]
CodeHeap 'profiled nmethods': size=120000Kb used=5161Kb max_used=5161Kb free=114838Kb
 bounds [0x000002965ddf0000, 0x000002965e300000, 0x0000029665320000]
CodeHeap 'non-nmethods': size=5760Kb used=1354Kb max_used=1371Kb free=4405Kb
 bounds [0x0000029665320000, 0x0000029665590000, 0x00000296658c0000]
 total_blobs=3177 nmethods=2611 adapters=478
 compilation: enabled
              stopped_count=0, restarted_count=0
 full_count=0

Compilation events (20 events):
Event: 4.631 Thread 0x000002967044a1a0 2576  s!   3       org.eclipse.osgi.util.NLS$MessagesProperties::put (168 bytes)
Event: 4.634 Thread 0x000002967044a1a0 nmethod 2576 0x000002965e2e8890 code [0x000002965e2e8ce0, 0x000002965e2eaaf0]
Event: 4.635 Thread 0x000002967044a1a0 2582       3       java.lang.invoke.DirectMethodHandle::staticOffset (8 bytes)
Event: 4.635 Thread 0x000002967044a1a0 nmethod 2582 0x000002965e2eb690 code [0x000002965e2eb820, 0x000002965e2eba10]
Event: 4.635 Thread 0x000002967044a1a0 2583       3       java.lang.invoke.DirectMethodHandle$StaticAccessor::checkCast (9 bytes)
Event: 4.635 Thread 0x000002967044a1a0 nmethod 2583 0x000002965e2ebb10 code [0x000002965e2ebcc0, 0x000002965e2ebfc8]
Event: 4.635 Thread 0x000002967044a1a0 2584       3       java.lang.invoke.DirectMethodHandle$StaticAccessor::viewAsType (49 bytes)
Event: 4.636 Thread 0x000002967044a1a0 nmethod 2584 0x000002965e2ec110 code [0x000002965e2ec2a0, 0x000002965e2ec478]
Event: 4.636 Thread 0x000002967044a1a0 2585       3       java.lang.invoke.LambdaForm$MH/0x000000080116c400::invokeExact_MT (23 bytes)
Event: 4.636 Thread 0x000002967044a1a0 nmethod 2585 0x000002965e2ec590 code [0x000002965e2ec780, 0x000002965e2ece98]
Event: 4.636 Thread 0x000002967044a1a0 2586       3       java.lang.invoke.LambdaForm$MH/0x0000000801108000::invoke (35 bytes)
Event: 4.636 Thread 0x000002967044a1a0 nmethod 2586 0x000002965e2ed090 code [0x000002965e2ed260, 0x000002965e2ed808]
Event: 4.637 Thread 0x000002967044a1a0 2587       3       java.lang.invoke.DirectMethodHandle::ensureInitialized (8 bytes)
Event: 4.637 Thread 0x000002967044a1a0 nmethod 2587 0x000002965e2ed990 code [0x000002965e2edbc0, 0x000002965e2ee468]
Event: 4.638 Thread 0x000002967044a1a0 2588       3       java.lang.invoke.DirectMethodHandle::ensureInitialized (23 bytes)
Event: 4.638 Thread 0x000002967044a1a0 nmethod 2588 0x000002965e2ee790 code [0x000002965e2ee9a0, 0x000002965e2ef110]
Event: 4.641 Thread 0x000002967044a1a0 2594       3       sun.nio.fs.WindowsPath::addPrefixIfNeeded (17 bytes)
Event: 4.642 Thread 0x000002967044a1a0 nmethod 2594 0x000002965e2ef390 code [0x000002965e2ef540, 0x000002965e2ef7b8]
Event: 4.642 Thread 0x000002967044a1a0 2595   !   3       sun.nio.fs.WindowsNativeDispatcher::FindFirstFile (75 bytes)
Event: 4.643 Thread 0x000002967044a1a0 nmethod 2595 0x000002965e2ef910 code [0x000002965e2efb40, 0x000002965e2f01b0]

GC Heap History (10 events):
Event: 1.453 GC heap before
{Heap before GC invocations=1 (full 0):
 PSYoungGen      total 29696K, used 25600K [0x00000000eab00000, 0x00000000ecc00000, 0x0000000100000000)
  eden space 25600K, 100% used [0x00000000eab00000,0x00000000ec400000,0x00000000ec400000)
  from space 4096K, 0% used [0x00000000ec800000,0x00000000ec800000,0x00000000ecc00000)
  to   space 4096K, 0% used [0x00000000ec400000,0x00000000ec400000,0x00000000ec800000)
 ParOldGen       total 68608K, used 0K [0x00000000c0000000, 0x00000000c4300000, 0x00000000eab00000)
  object space 68608K, 0% used [0x00000000c0000000,0x00000000c0000000,0x00000000c4300000)
 Metaspace       used 4794K, committed 5056K, reserved 1114112K
  class space    used 457K, committed 576K, reserved 1048576K
}
Event: 1.463 GC heap after
{Heap after GC invocations=1 (full 0):
 PSYoungGen      total 29696K, used 3145K [0x00000000eab00000, 0x00000000ecc00000, 0x0000000100000000)
  eden space 25600K, 0% used [0x00000000eab00000,0x00000000eab00000,0x00000000ec400000)
  from space 4096K, 76% used [0x00000000ec400000,0x00000000ec712550,0x00000000ec800000)
  to   space 4096K, 0% used [0x00000000ec800000,0x00000000ec800000,0x00000000ecc00000)
 ParOldGen       total 68608K, used 16K [0x00000000c0000000, 0x00000000c4300000, 0x00000000eab00000)
  object space 68608K, 0% used [0x00000000c0000000,0x00000000c0004000,0x00000000c4300000)
 Metaspace       used 4794K, committed 5056K, reserved 1114112K
  class space    used 457K, committed 576K, reserved 1048576K
}
Event: 2.814 GC heap before
{Heap before GC invocations=2 (full 0):
 PSYoungGen      total 29696K, used 28745K [0x00000000eab00000, 0x00000000ecc00000, 0x0000000100000000)
  eden space 25600K, 100% used [0x00000000eab00000,0x00000000ec400000,0x00000000ec400000)
  from space 4096K, 76% used [0x00000000ec400000,0x00000000ec712550,0x00000000ec800000)
  to   space 4096K, 0% used [0x00000000ec800000,0x00000000ec800000,0x00000000ecc00000)
 ParOldGen       total 68608K, used 16K [0x00000000c0000000, 0x00000000c4300000, 0x00000000eab00000)
  object space 68608K, 0% used [0x00000000c0000000,0x00000000c0004000,0x00000000c4300000)
 Metaspace       used 9325K, committed 9664K, reserved 1114112K
  class space    used 915K, committed 1088K, reserved 1048576K
}
Event: 2.823 GC heap after
{Heap after GC invocations=2 (full 0):
 PSYoungGen      total 29696K, used 4073K [0x00000000eab00000, 0x00000000ecc00000, 0x0000000100000000)
  eden space 25600K, 0% used [0x00000000eab00000,0x00000000eab00000,0x00000000ec400000)
  from space 4096K, 99% used [0x00000000ec800000,0x00000000ecbfa550,0x00000000ecc00000)
  to   space 4096K, 0% used [0x00000000ec400000,0x00000000ec400000,0x00000000ec800000)
 ParOldGen       total 68608K, used 826K [0x00000000c0000000, 0x00000000c4300000, 0x00000000eab00000)
  object space 68608K, 1% used [0x00000000c0000000,0x00000000c00ce830,0x00000000c4300000)
 Metaspace       used 9325K, committed 9664K, reserved 1114112K
  class space    used 915K, committed 1088K, reserved 1048576K
}
Event: 3.844 GC heap before
{Heap before GC invocations=3 (full 0):
 PSYoungGen      total 29696K, used 29633K [0x00000000eab00000, 0x00000000ecc00000, 0x0000000100000000)
  eden space 25600K, 99% used [0x00000000eab00000,0x00000000ec3f6008,0x00000000ec400000)
  from space 4096K, 99% used [0x00000000ec800000,0x00000000ecbfa550,0x00000000ecc00000)
  to   space 4096K, 0% used [0x00000000ec400000,0x00000000ec400000,0x00000000ec800000)
 ParOldGen       total 68608K, used 826K [0x00000000c0000000, 0x00000000c4300000, 0x00000000eab00000)
  object space 68608K, 1% used [0x00000000c0000000,0x00000000c00ce830,0x00000000c4300000)
 Metaspace       used 13653K, committed 14144K, reserved 1114112K
  class space    used 1336K, committed 1536K, reserved 1048576K
}
Event: 3.853 GC heap after
{Heap after GC invocations=3 (full 0):
 PSYoungGen      total 29696K, used 4076K [0x00000000eab00000, 0x00000000ecc00000, 0x0000000100000000)
  eden space 25600K, 0% used [0x00000000eab00000,0x00000000eab00000,0x00000000ec400000)
  from space 4096K, 99% used [0x00000000ec400000,0x00000000ec7fb170,0x00000000ec800000)
  to   space 4096K, 0% used [0x00000000ec800000,0x00000000ec800000,0x00000000ecc00000)
 ParOldGen       total 68608K, used 3127K [0x00000000c0000000, 0x00000000c4300000, 0x00000000eab00000)
  object space 68608K, 4% used [0x00000000c0000000,0x00000000c030dfc0,0x00000000c4300000)
 Metaspace       used 13653K, committed 14144K, reserved 1114112K
  class space    used 1336K, committed 1536K, reserved 1048576K
}
Event: 4.304 GC heap before
{Heap before GC invocations=4 (full 0):
 PSYoungGen      total 29696K, used 29676K [0x00000000eab00000, 0x00000000ecc00000, 0x0000000100000000)
  eden space 25600K, 100% used [0x00000000eab00000,0x00000000ec400000,0x00000000ec400000)
  from space 4096K, 99% used [0x00000000ec400000,0x00000000ec7fb170,0x00000000ec800000)
  to   space 4096K, 0% used [0x00000000ec800000,0x00000000ec800000,0x00000000ecc00000)
 ParOldGen       total 68608K, used 3127K [0x00000000c0000000, 0x00000000c4300000, 0x00000000eab00000)
  object space 68608K, 4% used [0x00000000c0000000,0x00000000c030dfc0,0x00000000c4300000)
 Metaspace       used 17240K, committed 17792K, reserved 1114112K
  class space    used 1614K, committed 1856K, reserved 1048576K
}
Event: 4.308 GC heap after
{Heap after GC invocations=4 (full 0):
 PSYoungGen      total 29696K, used 4084K [0x00000000eab00000, 0x00000000ecc00000, 0x0000000100000000)
  eden space 25600K, 0% used [0x00000000eab00000,0x00000000eab00000,0x00000000ec400000)
  from space 4096K, 99% used [0x00000000ec800000,0x00000000ecbfd260,0x00000000ecc00000)
  to   space 4096K, 0% used [0x00000000ec400000,0x00000000ec400000,0x00000000ec800000)
 ParOldGen       total 68608K, used 3796K [0x00000000c0000000, 0x00000000c4300000, 0x00000000eab00000)
  object space 68608K, 5% used [0x00000000c0000000,0x00000000c03b5230,0x00000000c4300000)
 Metaspace       used 17240K, committed 17792K, reserved 1114112K
  class space    used 1614K, committed 1856K, reserved 1048576K
}
Event: 4.603 GC heap before
{Heap before GC invocations=5 (full 0):
 PSYoungGen      total 29696K, used 29684K [0x00000000eab00000, 0x00000000ecc00000, 0x0000000100000000)
  eden space 25600K, 100% used [0x00000000eab00000,0x00000000ec400000,0x00000000ec400000)
  from space 4096K, 99% used [0x00000000ec800000,0x00000000ecbfd260,0x00000000ecc00000)
  to   space 4096K, 0% used [0x00000000ec400000,0x00000000ec400000,0x00000000ec800000)
 ParOldGen       total 68608K, used 3796K [0x00000000c0000000, 0x00000000c4300000, 0x00000000eab00000)
  object space 68608K, 5% used [0x00000000c0000000,0x00000000c03b5230,0x00000000c4300000)
 Metaspace       used 20216K, committed 20800K, reserved 1114112K
  class space    used 1843K, committed 2112K, reserved 1048576K
}
Event: 4.607 GC heap after
{Heap after GC invocations=5 (full 0):
 PSYoungGen      total 29184K, used 4080K [0x00000000eab00000, 0x00000000ecd80000, 0x0000000100000000)
  eden space 25088K, 0% used [0x00000000eab00000,0x00000000eab00000,0x00000000ec380000)
  from space 4096K, 99% used [0x00000000ec400000,0x00000000ec7fc198,0x00000000ec800000)
  to   space 5120K, 0% used [0x00000000ec880000,0x00000000ec880000,0x00000000ecd80000)
 ParOldGen       total 68608K, used 4180K [0x00000000c0000000, 0x00000000c4300000, 0x00000000eab00000)
  object space 68608K, 6% used [0x00000000c0000000,0x00000000c0415230,0x00000000c4300000)
 Metaspace       used 20216K, committed 20800K, reserved 1114112K
  class space    used 1843K, committed 2112K, reserved 1048576K
}

Dll operation events (10 events):
Event: 0.013 Loaded shared library C:\Program Files\Java\jdk-20\bin\java.dll
Event: 0.030 Loaded shared library C:\Program Files\Java\jdk-20\bin\jsvml.dll
Event: 0.175 Loaded shared library C:\Program Files\Java\jdk-20\bin\zip.dll
Event: 0.181 Loaded shared library C:\Program Files\Java\jdk-20\bin\instrument.dll
Event: 0.190 Loaded shared library C:\Program Files\Java\jdk-20\bin\net.dll
Event: 0.195 Loaded shared library C:\Program Files\Java\jdk-20\bin\nio.dll
Event: 0.210 Loaded shared library C:\Program Files\Java\jdk-20\bin\zip.dll
Event: 0.251 Loaded shared library C:\Program Files\Java\jdk-20\bin\jimage.dll
Event: 0.395 Loaded shared library C:\Program Files\Java\jdk-20\bin\verify.dll
Event: 2.584 Loaded shared library C:\Users\ASUS\AppData\Roaming\Code\User\globalStorage\redhat.java\1.17.0\config_ss_win\org.eclipse.equinox.launcher\org.eclipse.equinox.launcher.win32.win32.x86_64_1.2.700.v20221108-1024\eclipse_11801.dll

Deoptimization events (20 events):
Event: 3.834 Thread 0x0000029655df0230 DEOPT PACKING pc=0x00000296659724d0 sp=0x000000eb393f95a0
Event: 3.834 Thread 0x0000029655df0230 DEOPT UNPACKING pc=0x00000296653890a2 sp=0x000000eb393f9530 mode 2
Event: 3.915 Thread 0x0000029655df0230 Uncommon trap: trap_request=0xffffff45 fr.pc=0x000002966594e6cc relative=0x000000000000004c
Event: 3.915 Thread 0x0000029655df0230 Uncommon trap: reason=unstable_if action=reinterpret pc=0x000002966594e6cc method=sun.nio.fs.WindowsPathParser.isSlash(C)Z @ 9 c2
Event: 3.915 Thread 0x0000029655df0230 DEOPT PACKING pc=0x000002966594e6cc sp=0x000000eb393f9460
Event: 3.915 Thread 0x0000029655df0230 DEOPT UNPACKING pc=0x00000296653890a2 sp=0x000000eb393f93e8 mode 2
Event: 3.957 Thread 0x0000029655df0230 Uncommon trap: trap_request=0xffffff45 fr.pc=0x000002966592fd10 relative=0x00000000000001f0
Event: 3.957 Thread 0x0000029655df0230 Uncommon trap: reason=unstable_if action=reinterpret pc=0x000002966592fd10 method=java.net.URI$Parser.scan(IIJJ)I @ 42 c2
Event: 3.957 Thread 0x0000029655df0230 DEOPT PACKING pc=0x000002966592fd10 sp=0x000000eb393f8f70
Event: 3.957 Thread 0x0000029655df0230 DEOPT UNPACKING pc=0x00000296653890a2 sp=0x000000eb393f8ee0 mode 2
Event: 3.997 Thread 0x0000029655df0230 Uncommon trap: trap_request=0xffffff45 fr.pc=0x000002966597dd04 relative=0x0000000000000084
Event: 3.997 Thread 0x0000029655df0230 Uncommon trap: reason=unstable_if action=reinterpret pc=0x000002966597dd04 method=java.lang.ref.SoftReference.get()Ljava/lang/Object; @ 6 c2
Event: 3.997 Thread 0x0000029655df0230 DEOPT PACKING pc=0x000002966597dd04 sp=0x000000eb393f9ab0
Event: 3.997 Thread 0x0000029655df0230 DEOPT UNPACKING pc=0x00000296653890a2 sp=0x000000eb393f9a48 mode 2
Event: 4.030 Thread 0x0000029676096c90 Uncommon trap: trap_request=0xffffff45 fr.pc=0x00000296659761c0 relative=0x00000000000000c0
Event: 4.030 Thread 0x0000029676096c90 Uncommon trap: reason=unstable_if action=reinterpret pc=0x00000296659761c0 method=java.util.concurrent.locks.ReentrantLock$NonfairSync.initialTryLock()Z @ 25 c2
Event: 4.030 Thread 0x0000029676096c90 DEOPT PACKING pc=0x00000296659761c0 sp=0x000000eb39afe140
Event: 4.030 Thread 0x0000029676096c90 DEOPT UNPACKING pc=0x00000296653890a2 sp=0x000000eb39afe0c0 mode 2
Event: 4.531 Thread 0x0000029655df0230 DEOPT PACKING pc=0x000002965dee74ce sp=0x000000eb393f9b30
Event: 4.531 Thread 0x0000029655df0230 DEOPT UNPACKING pc=0x0000029665389842 sp=0x000000eb393f9028 mode 0

Classes loaded (20 events):
Event: 4.148 Loading class java/net/SocketException
Event: 4.148 Loading class java/net/SocketException done
Event: 4.148 Loading class java/net/UnknownHostException
Event: 4.148 Loading class java/net/UnknownHostException done
Event: 4.148 Loading class java/net/ProtocolException
Event: 4.148 Loading class java/net/ProtocolException done
Event: 4.233 Loading class java/io/FileWriter
Event: 4.233 Loading class java/io/FileWriter done
Event: 4.236 Loading class java/lang/NegativeArraySizeException
Event: 4.237 Loading class java/lang/NegativeArraySizeException done
Event: 4.595 Loading class org/w3c/dom/DOMException
Event: 4.595 Loading class org/w3c/dom/DOMException done
Event: 4.646 Loading class javax/xml/parsers/DocumentBuilderFactory
Event: 4.646 Loading class javax/xml/parsers/DocumentBuilderFactory done
Event: 4.647 Loading class com/sun/org/apache/xerces/internal/jaxp/DocumentBuilderFactoryImpl
Event: 4.647 Loading class com/sun/org/apache/xerces/internal/jaxp/DocumentBuilderFactoryImpl done
Event: 4.648 Loading class com/sun/org/apache/xerces/internal/jaxp/DocumentBuilderImpl
Event: 4.648 Loading class javax/xml/parsers/DocumentBuilder
Event: 4.648 Loading class javax/xml/parsers/DocumentBuilder done
Event: 4.649 Loading class com/sun/org/apache/xerces/internal/jaxp/DocumentBuilderImpl done

Classes unloaded (0 events):
No events

Classes redefined (0 events):
No events

Internal exceptions (20 events):
Event: 3.129 Thread 0x0000029655df0230 Exception <a 'java/lang/NullPointerException'{0x00000000eb32f110}> (0x00000000eb32f110) 
thrown [s\open\src\hotspot\share\interpreter\linkResolver.cpp, line 1373]
Event: 3.129 Thread 0x0000029655df0230 Exception <a 'java/lang/NullPointerException'{0x00000000eb32f950}> (0x00000000eb32f950) 
thrown [s\open\src\hotspot\share\interpreter\linkResolver.cpp, line 1373]
Event: 3.456 Thread 0x0000029655df0230 Exception <a 'java/lang/NoSuchMethodError'{0x00000000ebb307e8}: 'void java.lang.invoke.DirectMethodHandle$Holder.invokeInterface(java.lang.Object, java.lang.Object, java.lang.Object)'> (0x00000000ebb307e8) 
thrown [s\open\src\hotspot\share\interpreter\linkResolver.cpp, line 773]
Event: 3.512 Thread 0x0000029655df0230 Exception <a 'java/lang/NoSuchMethodError'{0x00000000ebcdd078}: 'void java.lang.invoke.Invokers$Holder.invokeExact_MT(java.lang.Object, java.lang.Object, java.lang.Object)'> (0x00000000ebcdd078) 
thrown [s\open\src\hotspot\share\interpreter\linkResolver.cpp, line 773]
Event: 3.660 Thread 0x0000029655df0230 Exception <a 'java/lang/NoSuchMethodError'{0x00000000ebf5a4f0}: 'java.lang.Object java.lang.invoke.DirectMethodHandle$Holder.invokeVirtual(java.lang.Object, java.lang.Object, java.lang.Object)'> (0x00000000ebf5a4f0) 
thrown [s\open\src\hotspot\share\interpreter\linkResolver.cpp, line 773]
Event: 3.663 Thread 0x0000029655df0230 Exception <a 'java/lang/NoSuchMethodError'{0x00000000ebf71fb0}: 'java.lang.Object java.lang.invoke.DelegatingMethodHandle$Holder.reinvoke_L(java.lang.Object, java.lang.Object, java.lang.Object, java.lang.Object, int, int)'> (0x00000000ebf71fb0) 
thrown [s\open\src\hotspot\share\interpreter\linkResolver.cpp, line 773]
Event: 3.667 Thread 0x0000029655df0230 Exception <a 'java/lang/NoSuchMethodError'{0x00000000ebf8df68}: 'java.lang.Object java.lang.invoke.DirectMethodHandle$Holder.newInvokeSpecial(java.lang.Object, java.lang.Object, java.lang.Object, java.lang.Object, java.lang.Object, java.lang.Object)'> (0x00000000ebf8df68) 
thrown [s\open\src\hotspot\share\interpreter\linkResolver.cpp, line 773]
Event: 3.670 Thread 0x0000029655df0230 Exception <a 'java/lang/NoSuchMethodError'{0x00000000ebfa29f8}: 'void java.lang.invoke.Invokers$Holder.invokeExact_MT(java.lang.Object, java.lang.Object, java.lang.Object, java.lang.Object)'> (0x00000000ebfa29f8) 
thrown [s\open\src\hotspot\share\interpreter\linkResolver.cpp, line 773]
Event: 3.839 Thread 0x0000029655df0230 Exception <a 'java/lang/NoSuchMethodError'{0x00000000ec3ca098}: 'java.lang.Object java.lang.invoke.DirectMethodHandle$Holder.newInvokeSpecial(java.lang.Object, java.lang.Object, java.lang.Object, java.lang.Object, java.lang.Object)'> (0x00000000ec3ca098) 
thrown [s\open\src\hotspot\share\interpreter\linkResolver.cpp, line 773]
Event: 3.987 Thread 0x0000029655df0230 Exception <a 'java/lang/NoSuchMethodError'{0x00000000eae7ada8}: 'java.lang.Object java.lang.invoke.DirectMethodHandle$Holder.invokeSpecial(java.lang.Object, java.lang.Object, java.lang.Object, long, java.lang.Object)'> (0x00000000eae7ada8) 
thrown [s\open\src\hotspot\share\interpreter\linkResolver.cpp, line 773]
Event: 3.988 Thread 0x0000029655df0230 Exception <a 'java/lang/NoSuchMethodError'{0x00000000eae82bf0}: 'java.lang.Object java.lang.invoke.DirectMethodHandle$Holder.newInvokeSpecial(java.lang.Object, java.lang.Object, java.lang.Object, long)'> (0x00000000eae82bf0) 
thrown [s\open\src\hotspot\share\interpreter\linkResolver.cpp, line 773]
Event: 3.999 Thread 0x0000029655df0230 Exception <a 'java/lang/NoSuchMethodError'{0x00000000eaeedb88}: 'int java.lang.invoke.DirectMethodHandle$Holder.invokeStaticInit(java.lang.Object, java.lang.Object, java.lang.Object)'> (0x00000000eaeedb88) 
thrown [s\open\src\hotspot\share\interpreter\linkResolver.cpp, line 773]
Event: 4.010 Thread 0x0000029655df0230 Exception <a 'java/lang/IncompatibleClassChangeError'{0x00000000eaf508b8}: Found class java.lang.Object, but interface was expected> (0x00000000eaf508b8) 
thrown [s\open\src\hotspot\share\interpreter\linkResolver.cpp, line 840]
Event: 4.018 Thread 0x0000029655df0230 Exception <a 'java/lang/NoSuchMethodError'{0x00000000eaf63a58}: 'java.lang.Object java.lang.invoke.DirectMethodHandle$Holder.invokeSpecial(java.lang.Object, java.lang.Object, java.lang.Object, int, java.lang.Object, java.lang.Object)'> (0x00000000eaf63a58) 
thrown [s\open\src\hotspot\share\interpreter\linkResolver.cpp, line 773]
Event: 4.020 Thread 0x0000029655df0230 Exception <a 'java/lang/NoSuchMethodError'{0x00000000eaf6bb30}: 'java.lang.Object java.lang.invoke.DirectMethodHandle$Holder.newInvokeSpecial(java.lang.Object, java.lang.Object, java.lang.Object, int, java.lang.Object)'> (0x00000000eaf6bb30) 
thrown [s\open\src\hotspot\share\interpreter\linkResolver.cpp, line 773]
Event: 4.021 Thread 0x0000029655df0230 Exception <a 'java/lang/NoSuchMethodError'{0x00000000eaf6f5c0}: 'java.lang.Object java.lang.invoke.Invokers$Holder.linkToTargetMethod(java.lang.Object, java.lang.Object, int, java.lang.Object, java.lang.Object)'> (0x00000000eaf6f5c0) 
thrown [s\open\src\hotspot\share\interpreter\linkResolver.cpp, line 773]
Event: 4.022 Thread 0x0000029676096c90 Exception <a 'java/lang/NoSuchMethodError'{0x00000000eaeb4ff8}: 'java.lang.Object java.lang.invoke.DirectMethodHandle$Holder.invokeSpecial(java.lang.Object, java.lang.Object, int, java.lang.Object, java.lang.Object)'> (0x00000000eaeb4ff8) 
thrown [s\open\src\hotspot\share\interpreter\linkResolver.cpp, line 773]
Event: 4.024 Thread 0x0000029676096c90 Exception <a 'java/lang/NoSuchMethodError'{0x00000000eaebc3d0}: 'java.lang.Object java.lang.invoke.DirectMethodHandle$Holder.newInvokeSpecial(java.lang.Object, java.lang.Object, int, java.lang.Object)'> (0x00000000eaebc3d0) 
thrown [s\open\src\hotspot\share\interpreter\linkResolver.cpp, line 773]
Event: 4.064 Thread 0x0000029655df0230 Exception <a 'java/lang/NoSuchMethodError'{0x00000000eb0707e0}: 'void java.lang.invoke.DirectMethodHandle$Holder.invokeSpecial(java.lang.Object, java.lang.Object, java.lang.Object, java.lang.Object, java.lang.Object)'> (0x00000000eb0707e0) 
thrown [s\open\src\hotspot\share\interpreter\linkResolver.cpp, line 773]
Event: 4.075 Thread 0x0000029676096c90 Exception <a 'java/io/FileNotFoundException'{0x00000000eb0d6cf8}> (0x00000000eb0d6cf8) 
thrown [s\open\src\hotspot\share\prims\jni.cpp, line 519]

VM Operations (20 events):
Event: 2.697 Executing VM operation: Cleanup
Event: 2.698 Executing VM operation: Cleanup done
Event: 2.814 Executing VM operation: ParallelGCFailedAllocation
Event: 2.823 Executing VM operation: ParallelGCFailedAllocation done
Event: 2.903 Executing VM operation: HandshakeAllThreads
Event: 2.903 Executing VM operation: HandshakeAllThreads done
Event: 3.291 Executing VM operation: HandshakeAllThreads
Event: 3.291 Executing VM operation: HandshakeAllThreads done
Event: 3.403 Executing VM operation: HandshakeAllThreads
Event: 3.403 Executing VM operation: HandshakeAllThreads done
Event: 3.844 Executing VM operation: ParallelGCFailedAllocation
Event: 3.853 Executing VM operation: ParallelGCFailedAllocation done
Event: 4.049 Executing VM operation: HandshakeAllThreads
Event: 4.049 Executing VM operation: HandshakeAllThreads done
Event: 4.304 Executing VM operation: ParallelGCFailedAllocation
Event: 4.308 Executing VM operation: ParallelGCFailedAllocation done
Event: 4.362 Executing VM operation: HandshakeAllThreads
Event: 4.362 Executing VM operation: HandshakeAllThreads done
Event: 4.603 Executing VM operation: ParallelGCFailedAllocation
Event: 4.607 Executing VM operation: ParallelGCFailedAllocation done

Events (20 events):
Event: 0.053 Thread 0x000002967044a1a0 Thread added: 0x000002967044a1a0
Event: 0.100 Thread 0x0000029655dedd00 Thread added: 0x0000029655dedd00
Event: 0.594 Thread 0x0000029655deecf0 Thread added: 0x0000029655deecf0
Event: 0.763 Thread 0x0000029670811500 Thread added: 0x0000029670811500
Event: 0.872 Thread 0x0000029675557010 Thread added: 0x0000029675557010
Event: 1.576 Thread 0x0000029675557010 Thread exited: 0x0000029675557010
Event: 1.576 Thread 0x0000029670811500 Thread exited: 0x0000029670811500
Event: 1.725 Thread 0x0000029675c5ceb0 Thread added: 0x0000029675c5ceb0
Event: 2.140 Thread 0x0000029655dee250 Thread added: 0x0000029655dee250
Event: 2.565 Thread 0x0000029655dee7a0 Thread added: 0x0000029655dee7a0
Event: 2.575 Thread 0x0000029655df0230 Thread added: 0x0000029655df0230
Event: 2.633 Thread 0x0000029655def240 Thread added: 0x0000029655def240
Event: 2.879 Thread 0x0000029676093770 Thread added: 0x0000029676093770
Event: 2.958 Thread 0x0000029675c5ceb0 Thread exited: 0x0000029675c5ceb0
Event: 3.049 Thread 0x0000029675f2c810 Thread added: 0x0000029675f2c810
Event: 3.472 Thread 0x0000029676098720 Thread added: 0x0000029676098720
Event: 3.992 Thread 0x0000029676096c90 Thread added: 0x0000029676096c90
Event: 4.023 Thread 0x0000029676095ca0 Thread added: 0x0000029676095ca0
Event: 4.442 Thread 0x0000029675f2c810 Thread exited: 0x0000029675f2c810
Event: 4.510 Thread 0x00000296764fa390 Thread added: 0x00000296764fa390


Dynamic libraries:
0x00007ff69f040000 - 0x00007ff69f050000 	C:\Program Files\Java\jdk-20\bin\java.exe
0x00007ff8ead50000 - 0x00007ff8eaf64000 	C:\WINDOWS\SYSTEM32\ntdll.dll
0x00007ff8ea690000 - 0x00007ff8ea752000 	C:\WINDOWS\System32\KERNEL32.DLL
0x00007ff8e8710000 - 0x00007ff8e8aac000 	C:\WINDOWS\System32\KERNELBASE.dll
0x00007ff8e84c0000 - 0x00007ff8e85d1000 	C:\WINDOWS\System32\ucrtbase.dll
0x00007ff8d2010000 - 0x00007ff8d202b000 	C:\Program Files\Java\jdk-20\bin\VCRUNTIME140.dll
0x00007ff8e3530000 - 0x00007ff8e3549000 	C:\Program Files\Java\jdk-20\bin\jli.dll
0x00007ff8e9410000 - 0x00007ff8e94be000 	C:\WINDOWS\System32\ADVAPI32.dll
0x00007ff8ea920000 - 0x00007ff8ea9c7000 	C:\WINDOWS\System32\msvcrt.dll
0x00007ff8eabe0000 - 0x00007ff8eac84000 	C:\WINDOWS\System32\sechost.dll
0x00007ff8e8d70000 - 0x00007ff8e8e87000 	C:\WINDOWS\System32\RPCRT4.dll
0x00007ff8e9260000 - 0x00007ff8e940b000 	C:\WINDOWS\System32\USER32.dll
0x00007ff8d4920000 - 0x00007ff8d4bae000 	C:\WINDOWS\WinSxS\amd64_microsoft.windows.common-controls_6595b64144ccf1df_6.0.22621.608_none_a9444ca7c10bb01d\COMCTL32.dll
0x00007ff8e8ab0000 - 0x00007ff8e8ad6000 	C:\WINDOWS\System32\win32u.dll
0x00007ff8eaad0000 - 0x00007ff8eaaf9000 	C:\WINDOWS\System32\GDI32.dll
0x00007ff8e8230000 - 0x00007ff8e8343000 	C:\WINDOWS\System32\gdi32full.dll
0x00007ff8e8190000 - 0x00007ff8e822a000 	C:\WINDOWS\System32\msvcp_win.dll
0x00007ff8e0b60000 - 0x00007ff8e0b6a000 	C:\WINDOWS\SYSTEM32\VERSION.dll
0x00007ff8e8e90000 - 0x00007ff8e8ec1000 	C:\WINDOWS\System32\IMM32.DLL
0x00007ff8da1b0000 - 0x00007ff8da1bc000 	C:\Program Files\Java\jdk-20\bin\vcruntime140_1.dll
0x00007ff8b8150000 - 0x00007ff8b81de000 	C:\Program Files\Java\jdk-20\bin\msvcp140.dll
0x00007ff84b7f0000 - 0x00007ff84c487000 	C:\Program Files\Java\jdk-20\bin\server\jvm.dll
0x00007ff8d1bc0000 - 0x00007ff8d1bc9000 	C:\WINDOWS\SYSTEM32\WSOCK32.dll
0x00007ff8e0b90000 - 0x00007ff8e0bc4000 	C:\WINDOWS\SYSTEM32\WINMM.dll
0x00007ff8ea5f0000 - 0x00007ff8ea661000 	C:\WINDOWS\System32\WS2_32.dll
0x00007ff8e71a0000 - 0x00007ff8e71b8000 	C:\WINDOWS\SYSTEM32\kernel.appcore.dll
0x00007ff8d8d80000 - 0x00007ff8d8d8a000 	C:\Program Files\Java\jdk-20\bin\jimage.dll
0x00007ff8da940000 - 0x00007ff8dab6e000 	C:\WINDOWS\SYSTEM32\DBGHELP.DLL
0x00007ff8e8ed0000 - 0x00007ff8e9259000 	C:\WINDOWS\System32\combase.dll
0x00007ff8eab00000 - 0x00007ff8eabd7000 	C:\WINDOWS\System32\OLEAUT32.dll
0x00007ff8d0080000 - 0x00007ff8d00b2000 	C:\WINDOWS\SYSTEM32\dbgcore.DLL
0x00007ff8e8ae0000 - 0x00007ff8e8b5b000 	C:\WINDOWS\System32\bcryptPrimitives.dll
0x00007ff8d8ca0000 - 0x00007ff8d8cae000 	C:\Program Files\Java\jdk-20\bin\instrument.dll
0x00007ff8cc440000 - 0x00007ff8cc466000 	C:\Program Files\Java\jdk-20\bin\java.dll
0x00007ff89cdd0000 - 0x00007ff89cea7000 	C:\Program Files\Java\jdk-20\bin\jsvml.dll
0x00007ff8e97e0000 - 0x00007ff8e9fd0000 	C:\WINDOWS\System32\SHELL32.dll
0x00007ff8e6150000 - 0x00007ff8e6a1d000 	C:\WINDOWS\SYSTEM32\windows.storage.dll
0x00007ff8e6010000 - 0x00007ff8e614e000 	C:\WINDOWS\SYSTEM32\wintypes.dll
0x00007ff8ea9d0000 - 0x00007ff8eaac1000 	C:\WINDOWS\System32\SHCORE.dll
0x00007ff8e8b60000 - 0x00007ff8e8bbe000 	C:\WINDOWS\System32\shlwapi.dll
0x00007ff8e80c0000 - 0x00007ff8e80e1000 	C:\WINDOWS\SYSTEM32\profapi.dll
0x00007ff8d0cb0000 - 0x00007ff8d0cc8000 	C:\Program Files\Java\jdk-20\bin\zip.dll
0x00007ff8d1b70000 - 0x00007ff8d1b83000 	C:\Program Files\Java\jdk-20\bin\net.dll
0x00007ff8e04b0000 - 0x00007ff8e05e7000 	C:\WINDOWS\SYSTEM32\WINHTTP.dll
0x00007ff8e7610000 - 0x00007ff8e7679000 	C:\WINDOWS\system32\mswsock.dll
0x00007ff8d0de0000 - 0x00007ff8d0df6000 	C:\Program Files\Java\jdk-20\bin\nio.dll
0x00007ff8d2130000 - 0x00007ff8d2140000 	C:\Program Files\Java\jdk-20\bin\verify.dll
0x00007ff8bd0d0000 - 0x00007ff8bd10e000 	C:\Users\ASUS\AppData\Roaming\Code\User\globalStorage\redhat.java\1.17.0\config_ss_win\org.eclipse.equinox.launcher\org.eclipse.equinox.launcher.win32.win32.x86_64_1.2.700.v20221108-1024\eclipse_11801.dll
0x00007ff8e8bc0000 - 0x00007ff8e8d5c000 	C:\WINDOWS\System32\ole32.dll

dbghelp: loaded successfully - version: 4.0.5 - missing functions: none
symbol engine: initialized successfully - sym options: 0x614 - pdb path: .;C:\Program Files\Java\jdk-20\bin;C:\WINDOWS\SYSTEM32;C:\WINDOWS\WinSxS\amd64_microsoft.windows.common-controls_6595b64144ccf1df_6.0.22621.608_none_a9444ca7c10bb01d;C:\Program Files\Java\jdk-20\bin\server;C:\Users\ASUS\AppData\Roaming\Code\User\globalStorage\redhat.java\1.17.0\config_ss_win\org.eclipse.equinox.launcher\org.eclipse.equinox.launcher.win32.win32.x86_64_1.2.700.v20221108-1024

VM Arguments:
jvm_args: --add-modules=ALL-SYSTEM --add-opens=java.base/java.util=ALL-UNNAMED --add-opens=java.base/java.lang=ALL-UNNAMED --add-opens=java.base/sun.nio.fs=ALL-UNNAMED -Declipse.application=org.eclipse.jdt.ls.core.id1 -Dosgi.bundles.defaultStartLevel=4 -Declipse.product=org.eclipse.jdt.ls.core.product -Djava.import.generatesMetadataFilesAtProjectRoot=false -Dfile.encoding=utf8 -XX:+UseParallelGC -XX:GCTimeRatio=4 -XX:AdaptiveSizePolicyWeight=90 -Dsun.zip.disableMemoryMapping=true -Xmx1G -Xms100m -Xlog:disable -javaagent:c:\Users\ASUS\.vscode\extensions\redhat.java-1.17.0\lombok\lombok-1.18.24.jar 
java_command: c:\Users\ASUS\.vscode\extensions\redhat.java-1.17.0\server\plugins\org.eclipse.equinox.launcher_1.6.400.v20210924-0641.jar -configuration c:\Users\ASUS\AppData\Roaming\Code\User\globalStorage\redhat.java\1.17.0\config_ss_win -data c:\Users\ASUS\AppData\Roaming\Code\User\workspaceStorage\46850cd7a74eb46246fb97daccfef2b2\redhat.java\ss_ws
java_class_path (initial): c:\Users\ASUS\.vscode\extensions\redhat.java-1.17.0\server\plugins\org.eclipse.equinox.launcher_1.6.400.v20210924-0641.jar
Launcher Type: SUN_STANDARD

[Global flags]
    uintx AdaptiveSizePolicyWeight                 = 90                                        {product} {command line}
     intx CICompilerCount                          = 4                                         {product} {ergonomic}
    uintx GCTimeRatio                              = 4                                         {product} {command line}
   size_t InitialHeapSize                          = 104857600                                 {product} {command line}
   size_t MaxHeapSize                              = 1073741824                                {product} {command line}
   size_t MaxNewSize                               = 357564416                                 {product} {ergonomic}
   size_t MinHeapDeltaBytes                        = 524288                                    {product} {ergonomic}
   size_t MinHeapSize                              = 104857600                                 {product} {command line}
   size_t NewSize                                  = 34603008                                  {product} {ergonomic}
    uintx NonNMethodCodeHeapSize                   = 5839372                                {pd product} {ergonomic}
    uintx NonProfiledCodeHeapSize                  = 122909434                              {pd product} {ergonomic}
   size_t OldSize                                  = 70254592                                  {product} {ergonomic}
    uintx ProfiledCodeHeapSize                     = 122909434                              {pd product} {ergonomic}
    uintx ReservedCodeCacheSize                    = 251658240                              {pd product} {ergonomic}
     bool SegmentedCodeCache                       = true                                      {product} {ergonomic}
   size_t SoftMaxHeapSize                          = 1073741824                             {manageable} {ergonomic}
     bool UseCompressedClassPointers               = true                           {product lp64_product} {ergonomic}
     bool UseCompressedOops                        = true                           {product lp64_product} {ergonomic}
     bool UseLargePagesIndividualAllocation        = false                                  {pd product} {ergonomic}
     bool UseParallelGC                            = true                                      {product} {command line}

Logging:
Log output configuration:
 #0: stdout all=off uptime,level,tags foldmultilines=false
 #1: stderr all=off uptime,level,tags foldmultilines=false

Environment Variables:
JAVA_HOME=C:\Program Files\Java\jdk-20
PATH=C:\Program Files\Common Files\Oracle\Java\javapath;C:\Windows\system32;C:\Windows;C:\Windows\System32\Wbem;C:\Windows\System32\WindowsPowerShell\v1.0\;C:\Windows\System32\OpenSSH\;C:\Program Files (x86)\NVIDIA Corporation\PhysX\Common;C:\Program Files\NVIDIA Corporation\NVIDIA NvDLISR;C:\ProgramData\chocolatey\bin;C:\WINDOWS\system32;C:\WINDOWS;C:\WINDOWS\System32\Wbem;C:\WINDOWS\System32\WindowsPowerShell\v1.0\;C:\WINDOWS\System32\OpenSSH\;C:\Program Files\Git\cmd;C:\Program Files\Git\mingw64\bin;C:\Program Files\Git\usr\bin;C:\Program Files\Microsoft SQL Server\Client SDK\ODBC\170\Tools\Binn\;C:\Program Files (x86)\Microsoft SQL Server\150\Tools\Binn\;C:\Program Files\Microsoft SQL Server\150\Tools\Binn\;C:\Program Files\Microsoft SQL Server\150\DTS\Binn\;C:\Program Files\Azure Data Studio\bin;D:\Program Files\MySQL\MySQL Server 8.0\bin;C:\Program Files\nodejs\;C:\Program Files\Java\jdk-20\bin;C:\Program Files\MySQL\MySQL Shell 8.0\bin\;C:\Users\ASUS\AppData\Local\Programs\Python\Python39\Scripts\;C:\Users\ASUS\AppData\Local\Programs\Python\Python39\;C:\Users\ASUS\AppData\Local\Microsoft\WindowsApps;C:\Users\ASUS\AppData\Local\Programs\Microsoft VS Code\bin;C:\Users\ASUS\AppData\Local\GitHubDesktop\bin;C:\ghcup\bin;C:\Users\ASUS\AppData\Roaming\cabal\bin;C:\tools\ghc-9.2.1\bin;C:\MinGW\bin;C:\Program Files\Azure Data Studio\bin;C:\Users\ASUS\AppData\Roaming\npm;C:\Users\ASUS\AppData\Local\Microsoft\WindowsApps;C:\Program Files\Java\jdk-20\bin;;D:\intellij\IntelliJ IDEA Community Edition 2023.1\bin;
USERNAME=ASUS
OS=Windows_NT
PROCESSOR_IDENTIFIER=AMD64 Family 23 Model 96 Stepping 1, AuthenticAMD
TMP=C:\Users\ASUS\AppData\Local\Temp
TEMP=C:\Users\ASUS\AppData\Local\Temp




---------------  S Y S T E M  ---------------

OS:
 Windows 11 , 64 bit Build 22621 (10.0.22621.1485)
OS uptime: 3 days 5:21 hours
Hyper-V role detected

CPU: total 12 (initial active 12) (12 cores per cpu, 2 threads per core) family 23 model 96 stepping 1 microcode 0x0, cx8, cmov, fxsr, ht, mmx, 3dnowpref, sse, sse2, sse3, ssse3, sse4a, sse4.1, sse4.2, popcnt, lzcnt, tsc, tscinvbit, avx, avx2, aes, clmul, bmi1, bmi2, adx, sha, fma, vzeroupper, clflush, clflushopt, hv, rdtscp, rdpid, f16c

Memory: 4k page, system-wide physical 15791M (3265M free)
TotalPageFile size 32107M (AvailPageFile size 5M)
current process WorkingSet (physical memory assigned to process): 122M, peak: 122M
current process commit charge ("private bytes"): 243M, peak: 243M

vm_info: Java HotSpot(TM) 64-Bit Server VM (20.0.1+9-29) for windows-amd64 JRE (20.0.1+9-29), built on 2023-03-07T13:56:11Z by "mach5one" with MS VC++ 17.1 (VS2022)

END.
